[1.722s] Invoking command in '/ai4r_ws/build/yolov8_msgs': CMAKE_PREFIX_PATH=${CMAKE_PREFIX_PATH}:/opt/ros/jazzy /usr/bin/cmake /ai4r_ws/src/yolobot/src/yolov8_msgs -DCMAKE_INSTALL_PREFIX=/ai4r_ws/install/yolov8_msgs
[2.214s] -- The C compiler identification is GNU 13.3.0
[2.732s] -- The CXX compiler identification is GNU 13.3.0
[2.837s] -- Detecting C compiler ABI info
[3.410s] -- Detecting C compiler ABI info - done
[3.461s] -- Check for working C compiler: /usr/bin/cc - skipped
[3.461s] -- Detecting C compile features
[3.461s] -- Detecting C compile features - done
[3.520s] -- Detecting CXX compiler ABI info
[4.133s] -- Detecting CXX compiler ABI info - done
[4.211s] -- Check for working CXX compiler: /usr/bin/c++ - skipped
[4.211s] -- Detecting CXX compile features
[4.211s] -- Detecting CXX compile features - done
[4.247s] -- Found ament_cmake: 2.5.3 (/opt/ros/jazzy/share/ament_cmake/cmake)
[5.013s] -- Found Python3: /usr/bin/python3 (found version "3.12.3") found components: Interpreter 
[5.256s] -- Found std_msgs: 5.3.6 (/opt/ros/jazzy/share/std_msgs/cmake)
[5.441s] -- Found rosidl_generator_c: 4.6.5 (/opt/ros/jazzy/share/rosidl_generator_c/cmake)
[5.562s] -- Found rosidl_generator_cpp: 4.6.5 (/opt/ros/jazzy/share/rosidl_generator_cpp/cmake)
[5.682s] -- Using all available rosidl_typesupport_c: rosidl_typesupport_fastrtps_c;rosidl_typesupport_introspection_c
[5.756s] -- Using all available rosidl_typesupport_cpp: rosidl_typesupport_fastrtps_cpp;rosidl_typesupport_introspection_cpp
[5.884s] -- Found rosidl_default_generators: 1.6.0 (/opt/ros/jazzy/share/rosidl_default_generators/cmake)
[5.963s] -- Found rosidl_adapter: 4.6.5 (/opt/ros/jazzy/share/rosidl_adapter/cmake)
[9.100s] -- Found ament_cmake_ros: 0.12.0 (/opt/ros/jazzy/share/ament_cmake_ros/cmake)
[12.264s] -- Using all available rosidl_typesupport_c: rosidl_typesupport_fastrtps_c;rosidl_typesupport_introspection_c
[13.159s] -- Using all available rosidl_typesupport_cpp: rosidl_typesupport_fastrtps_cpp;rosidl_typesupport_introspection_cpp
[13.178s] -- Found python_cmake_module: 0.11.1 (/opt/ros/jazzy/share/python_cmake_module/cmake)
[13.829s] -- Found PythonExtra: /usr/bin/python3  
[15.606s] -- Found Python3: /usr/bin/python3 (found version "3.12.3") found components: Interpreter Development NumPy Development.Module Development.Embed 
[15.770s] -- Found ament_lint_auto: 0.17.2 (/opt/ros/jazzy/share/ament_lint_auto/cmake)
[15.984s] -- Added test 'copyright' to check source files copyright and LICENSE
[15.984s] -- Added test 'lint_cmake' to check CMake code style
[15.984s] -- Added test 'xmllint' to check XML markup files
[16.006s] -- Configuring done (14.2s)
[16.349s] -- Generating done (0.3s)
[16.464s] -- Build files have been written to: /ai4r_ws/build/yolov8_msgs
[16.539s] Invoked command in '/ai4r_ws/build/yolov8_msgs' returned '0': CMAKE_PREFIX_PATH=${CMAKE_PREFIX_PATH}:/opt/ros/jazzy /usr/bin/cmake /ai4r_ws/src/yolobot/src/yolov8_msgs -DCMAKE_INSTALL_PREFIX=/ai4r_ws/install/yolov8_msgs
[16.540s] Invoking command in '/ai4r_ws/build/yolov8_msgs': CMAKE_PREFIX_PATH=${CMAKE_PREFIX_PATH}:/opt/ros/jazzy /usr/bin/cmake --build /ai4r_ws/build/yolov8_msgs -- -j12 -l12
[16.768s] [  2%] [34m[1mGenerating type hashes for ROS interfaces[0m
[17.544s] [  2%] Built target yolov8_msgs__rosidl_generator_type_description
[17.635s] [  2%] Built target ament_cmake_python_copy_yolov8_msgs
[17.681s] [  4%] [34m[1mGenerating C code for ROS interfaces[0m
[19.602s] [  6%] [32mBuilding C object CMakeFiles/yolov8_msgs__rosidl_generator_c.dir/rosidl_generator_c/yolov8_msgs/msg/detail/inference_result__description.c.o[0m
[19.737s] [  9%] [32mBuilding C object CMakeFiles/yolov8_msgs__rosidl_generator_c.dir/rosidl_generator_c/yolov8_msgs/msg/detail/yolov8_inference__type_support.c.o[0m
[19.895s] [ 11%] [32mBuilding C object CMakeFiles/yolov8_msgs__rosidl_generator_c.dir/rosidl_generator_c/yolov8_msgs/msg/detail/yolov8_inference__functions.c.o[0m
[20.108s] [ 13%] [32mBuilding C object CMakeFiles/yolov8_msgs__rosidl_generator_c.dir/rosidl_generator_c/yolov8_msgs/msg/detail/yolov8_inference__description.c.o[0m
[20.412s] [ 15%] [32mBuilding C object CMakeFiles/yolov8_msgs__rosidl_generator_c.dir/rosidl_generator_c/yolov8_msgs/msg/detail/inference_result__type_support.c.o[0m
[20.545s] [ 18%] [32mBuilding C object CMakeFiles/yolov8_msgs__rosidl_generator_c.dir/rosidl_generator_c/yolov8_msgs/msg/detail/inference_result__functions.c.o[0m
[20.676s] [ 20%] [32m[1mLinking C shared library libyolov8_msgs__rosidl_generator_c.so[0m
[20.815s] [ 20%] Built target yolov8_msgs__rosidl_generator_c
[22.382s] running egg_info
[22.389s] creating yolov8_msgs.egg-info
[22.468s] writing yolov8_msgs.egg-info/PKG-INFO
[22.470s] writing dependency_links to yolov8_msgs.egg-info/dependency_links.txt
[22.482s] writing top-level names to yolov8_msgs.egg-info/top_level.txt
[22.482s] writing manifest file 'yolov8_msgs.egg-info/SOURCES.txt'
[22.835s] reading manifest file 'yolov8_msgs.egg-info/SOURCES.txt'
[22.839s] writing manifest file 'yolov8_msgs.egg-info/SOURCES.txt'
[22.963s] [ 20%] Built target ament_cmake_python_build_yolov8_msgs_egg
[23.007s] [ 22%] [34m[1mGenerating C type support dispatch for ROS interfaces[0m
[24.611s] [ 25%] [32mBuilding CXX object CMakeFiles/yolov8_msgs__rosidl_typesupport_c.dir/rosidl_typesupport_c/yolov8_msgs/msg/inference_result__type_support.cpp.o[0m
[24.800s] [ 27%] [32mBuilding CXX object CMakeFiles/yolov8_msgs__rosidl_typesupport_c.dir/rosidl_typesupport_c/yolov8_msgs/msg/yolov8_inference__type_support.cpp.o[0m
[25.053s] [ 29%] [32m[1mLinking CXX shared library libyolov8_msgs__rosidl_typesupport_c.so[0m
[25.329s] [ 29%] Built target yolov8_msgs__rosidl_typesupport_c
[25.364s] [ 31%] [34m[1mGenerating C introspection for ROS interfaces[0m
[27.019s] [ 34%] [32mBuilding C object CMakeFiles/yolov8_msgs__rosidl_typesupport_introspection_c.dir/rosidl_typesupport_introspection_c/yolov8_msgs/msg/detail/inference_result__type_support.c.o[0m
[27.102s] [ 36%] [32mBuilding C object CMakeFiles/yolov8_msgs__rosidl_typesupport_introspection_c.dir/rosidl_typesupport_introspection_c/yolov8_msgs/msg/detail/yolov8_inference__type_support.c.o[0m
[27.250s] [ 38%] [32m[1mLinking C shared library libyolov8_msgs__rosidl_typesupport_introspection_c.so[0m
[27.441s] [ 38%] Built target yolov8_msgs__rosidl_typesupport_introspection_c
[27.477s] [ 40%] [34m[1mGenerating C type support for eProsima Fast-RTPS[0m
[28.436s] [ 43%] [32mBuilding CXX object CMakeFiles/yolov8_msgs__rosidl_typesupport_fastrtps_c.dir/rosidl_typesupport_fastrtps_c/yolov8_msgs/msg/detail/inference_result__type_support_c.cpp.o[0m
[31.565s] [ 45%] [32mBuilding CXX object CMakeFiles/yolov8_msgs__rosidl_typesupport_fastrtps_c.dir/rosidl_typesupport_fastrtps_c/yolov8_msgs/msg/detail/yolov8_inference__type_support_c.cpp.o[0m
[33.640s] [ 47%] [32m[1mLinking CXX shared library libyolov8_msgs__rosidl_typesupport_fastrtps_c.so[0m
[34.103s] [ 47%] Built target yolov8_msgs__rosidl_typesupport_fastrtps_c
[34.176s] [ 50%] [34m[1mGenerating C++ code for ROS interfaces[0m
[35.534s] [ 50%] Built target yolov8_msgs__cpp
[35.562s] [ 52%] [34m[1mGenerating C++ type support dispatch for ROS interfaces[0m
[36.947s] [ 54%] [32mBuilding CXX object CMakeFiles/yolov8_msgs__rosidl_typesupport_cpp.dir/rosidl_typesupport_cpp/yolov8_msgs/msg/inference_result__type_support.cpp.o[0m
[37.500s] [ 56%] [32mBuilding CXX object CMakeFiles/yolov8_msgs__rosidl_typesupport_cpp.dir/rosidl_typesupport_cpp/yolov8_msgs/msg/yolov8_inference__type_support.cpp.o[0m
[38.018s] [ 59%] [32m[1mLinking CXX shared library libyolov8_msgs__rosidl_typesupport_cpp.so[0m
[38.130s] [ 59%] Built target yolov8_msgs__rosidl_typesupport_cpp
[38.169s] [ 61%] [34m[1mGenerating C++ introspection for ROS interfaces[0m
[39.348s] [ 63%] [32mBuilding CXX object CMakeFiles/yolov8_msgs__rosidl_typesupport_introspection_cpp.dir/rosidl_typesupport_introspection_cpp/yolov8_msgs/msg/detail/inference_result__type_support.cpp.o[0m
[41.802s] [ 65%] [32mBuilding CXX object CMakeFiles/yolov8_msgs__rosidl_typesupport_introspection_cpp.dir/rosidl_typesupport_introspection_cpp/yolov8_msgs/msg/detail/yolov8_inference__type_support.cpp.o[0m
[42.662s] [ 68%] [32m[1mLinking CXX shared library libyolov8_msgs__rosidl_typesupport_introspection_cpp.so[0m
[42.886s] [ 68%] Built target yolov8_msgs__rosidl_typesupport_introspection_cpp
[42.922s] [ 70%] [34m[1mGenerating C++ type support for eProsima Fast-RTPS[0m
[43.912s] [ 72%] [32mBuilding CXX object CMakeFiles/yolov8_msgs__rosidl_typesupport_fastrtps_cpp.dir/rosidl_typesupport_fastrtps_cpp/yolov8_msgs/msg/detail/dds_fastrtps/inference_result__type_support.cpp.o[0m
[44.721s] [ 75%] [32mBuilding CXX object CMakeFiles/yolov8_msgs__rosidl_typesupport_fastrtps_cpp.dir/rosidl_typesupport_fastrtps_cpp/yolov8_msgs/msg/detail/dds_fastrtps/yolov8_inference__type_support.cpp.o[0m
[45.534s] [ 77%] [32m[1mLinking CXX shared library libyolov8_msgs__rosidl_typesupport_fastrtps_cpp.so[0m
[45.906s] [ 77%] Built target yolov8_msgs__rosidl_typesupport_fastrtps_cpp
[45.991s] [ 77%] Built target yolov8_msgs
[46.109s] [ 79%] [34m[1mGenerating Python code for ROS interfaces[0m
[47.293s] [ 79%] Built target yolov8_msgs__py
[47.352s] [ 81%] [32mBuilding C object CMakeFiles/yolov8_msgs__rosidl_generator_py.dir/rosidl_generator_py/yolov8_msgs/msg/_inference_result_s.c.o[0m
[47.819s] [ 84%] [32mBuilding C object CMakeFiles/yolov8_msgs__rosidl_generator_py.dir/rosidl_generator_py/yolov8_msgs/msg/_yolov8_inference_s.c.o[0m
[48.116s] [ 86%] [32m[1mLinking C shared library libyolov8_msgs__rosidl_generator_py.so[0m
[48.256s] [ 86%] Built target yolov8_msgs__rosidl_generator_py
[48.329s] [ 88%] [32mBuilding C object CMakeFiles/yolov8_msgs_s__rosidl_typesupport_fastrtps_c.dir/rosidl_generator_py/yolov8_msgs/_yolov8_msgs_s.ep.rosidl_typesupport_fastrtps_c.c.o[0m
[48.522s] [ 90%] [32m[1mLinking C shared module rosidl_generator_py/yolov8_msgs/yolov8_msgs_s__rosidl_typesupport_fastrtps_c.so[0m
[48.567s] [ 90%] Built target yolov8_msgs_s__rosidl_typesupport_fastrtps_c
[48.603s] [ 93%] [32mBuilding C object CMakeFiles/yolov8_msgs_s__rosidl_typesupport_c.dir/rosidl_generator_py/yolov8_msgs/_yolov8_msgs_s.ep.rosidl_typesupport_c.c.o[0m
[49.259s] [ 95%] [32m[1mLinking C shared module rosidl_generator_py/yolov8_msgs/yolov8_msgs_s__rosidl_typesupport_c.so[0m
[49.377s] [ 95%] Built target yolov8_msgs_s__rosidl_typesupport_c
[49.448s] [ 97%] [32mBuilding C object CMakeFiles/yolov8_msgs_s__rosidl_typesupport_introspection_c.dir/rosidl_generator_py/yolov8_msgs/_yolov8_msgs_s.ep.rosidl_typesupport_introspection_c.c.o[0m
[49.630s] [100%] [32m[1mLinking C shared module rosidl_generator_py/yolov8_msgs/yolov8_msgs_s__rosidl_typesupport_introspection_c.so[0m
[49.675s] [100%] Built target yolov8_msgs_s__rosidl_typesupport_introspection_c
[49.691s] Invoked command in '/ai4r_ws/build/yolov8_msgs' returned '0': CMAKE_PREFIX_PATH=${CMAKE_PREFIX_PATH}:/opt/ros/jazzy /usr/bin/cmake --build /ai4r_ws/build/yolov8_msgs -- -j12 -l12
[49.693s] Invoking command in '/ai4r_ws/build/yolov8_msgs': CMAKE_PREFIX_PATH=${CMAKE_PREFIX_PATH}:/opt/ros/jazzy /usr/bin/cmake --install /ai4r_ws/build/yolov8_msgs
[49.705s] -- Install configuration: ""
[49.706s] -- Installing: /ai4r_ws/install/yolov8_msgs/share/ament_index/resource_index/rosidl_interfaces/yolov8_msgs
[49.706s] -- Installing: /ai4r_ws/install/yolov8_msgs/share/yolov8_msgs/msg/InferenceResult.json
[49.707s] -- Installing: /ai4r_ws/install/yolov8_msgs/share/yolov8_msgs/msg/Yolov8Inference.json
[49.707s] -- Installing: /ai4r_ws/install/yolov8_msgs/include/yolov8_msgs/yolov8_msgs
[49.708s] -- Installing: /ai4r_ws/install/yolov8_msgs/include/yolov8_msgs/yolov8_msgs/msg
[49.708s] -- Installing: /ai4r_ws/install/yolov8_msgs/include/yolov8_msgs/yolov8_msgs/msg/rosidl_generator_c__visibility_control.h
[49.709s] -- Installing: /ai4r_ws/install/yolov8_msgs/include/yolov8_msgs/yolov8_msgs/msg/yolov8_inference.h
[49.709s] -- Installing: /ai4r_ws/install/yolov8_msgs/include/yolov8_msgs/yolov8_msgs/msg/inference_result.h
[49.709s] -- Installing: /ai4r_ws/install/yolov8_msgs/include/yolov8_msgs/yolov8_msgs/msg/detail
[49.710s] -- Installing: /ai4r_ws/install/yolov8_msgs/include/yolov8_msgs/yolov8_msgs/msg/detail/yolov8_inference__type_support.h
[49.710s] -- Installing: /ai4r_ws/install/yolov8_msgs/include/yolov8_msgs/yolov8_msgs/msg/detail/yolov8_inference__functions.c
[49.710s] -- Installing: /ai4r_ws/install/yolov8_msgs/include/yolov8_msgs/yolov8_msgs/msg/detail/inference_result__type_support.h
[49.711s] -- Installing: /ai4r_ws/install/yolov8_msgs/include/yolov8_msgs/yolov8_msgs/msg/detail/yolov8_inference__functions.h
[49.711s] -- Installing: /ai4r_ws/install/yolov8_msgs/include/yolov8_msgs/yolov8_msgs/msg/detail/inference_result__functions.c
[49.711s] -- Installing: /ai4r_ws/install/yolov8_msgs/include/yolov8_msgs/yolov8_msgs/msg/detail/inference_result__type_support.c
[49.712s] -- Installing: /ai4r_ws/install/yolov8_msgs/include/yolov8_msgs/yolov8_msgs/msg/detail/yolov8_inference__type_support.c
[49.712s] -- Installing: /ai4r_ws/install/yolov8_msgs/include/yolov8_msgs/yolov8_msgs/msg/detail/yolov8_inference__struct.h
[49.712s] -- Installing: /ai4r_ws/install/yolov8_msgs/include/yolov8_msgs/yolov8_msgs/msg/detail/inference_result__description.c
[49.713s] -- Installing: /ai4r_ws/install/yolov8_msgs/include/yolov8_msgs/yolov8_msgs/msg/detail/inference_result__functions.h
[49.713s] -- Installing: /ai4r_ws/install/yolov8_msgs/include/yolov8_msgs/yolov8_msgs/msg/detail/yolov8_inference__description.c
[49.714s] -- Installing: /ai4r_ws/install/yolov8_msgs/include/yolov8_msgs/yolov8_msgs/msg/detail/inference_result__struct.h
[49.714s] -- Installing: /ai4r_ws/install/yolov8_msgs/share/yolov8_msgs/environment/library_path.sh
[49.714s] -- Installing: /ai4r_ws/install/yolov8_msgs/share/yolov8_msgs/environment/library_path.dsv
[49.715s] -- Installing: /ai4r_ws/install/yolov8_msgs/lib/libyolov8_msgs__rosidl_generator_c.so
[49.716s] -- Set non-toolchain portion of runtime path of "/ai4r_ws/install/yolov8_msgs/lib/libyolov8_msgs__rosidl_generator_c.so" to ""
[49.716s] -- Up-to-date: /ai4r_ws/install/yolov8_msgs/include/yolov8_msgs/yolov8_msgs
[49.716s] -- Up-to-date: /ai4r_ws/install/yolov8_msgs/include/yolov8_msgs/yolov8_msgs/msg
[49.716s] -- Installing: /ai4r_ws/install/yolov8_msgs/include/yolov8_msgs/yolov8_msgs/msg/rosidl_typesupport_fastrtps_c__visibility_control.h
[49.717s] -- Up-to-date: /ai4r_ws/install/yolov8_msgs/include/yolov8_msgs/yolov8_msgs/msg/detail
[49.717s] -- Installing: /ai4r_ws/install/yolov8_msgs/include/yolov8_msgs/yolov8_msgs/msg/detail/inference_result__rosidl_typesupport_fastrtps_c.h
[49.717s] -- Installing: /ai4r_ws/install/yolov8_msgs/include/yolov8_msgs/yolov8_msgs/msg/detail/yolov8_inference__rosidl_typesupport_fastrtps_c.h
[49.718s] -- Installing: /ai4r_ws/install/yolov8_msgs/lib/libyolov8_msgs__rosidl_typesupport_fastrtps_c.so
[49.718s] -- Set non-toolchain portion of runtime path of "/ai4r_ws/install/yolov8_msgs/lib/libyolov8_msgs__rosidl_typesupport_fastrtps_c.so" to ""
[49.719s] -- Up-to-date: /ai4r_ws/install/yolov8_msgs/include/yolov8_msgs/yolov8_msgs
[49.719s] -- Up-to-date: /ai4r_ws/install/yolov8_msgs/include/yolov8_msgs/yolov8_msgs/msg
[49.719s] -- Installing: /ai4r_ws/install/yolov8_msgs/include/yolov8_msgs/yolov8_msgs/msg/inference_result.hpp
[49.719s] -- Installing: /ai4r_ws/install/yolov8_msgs/include/yolov8_msgs/yolov8_msgs/msg/yolov8_inference.hpp
[49.720s] -- Installing: /ai4r_ws/install/yolov8_msgs/include/yolov8_msgs/yolov8_msgs/msg/rosidl_generator_cpp__visibility_control.hpp
[49.720s] -- Up-to-date: /ai4r_ws/install/yolov8_msgs/include/yolov8_msgs/yolov8_msgs/msg/detail
[49.721s] -- Installing: /ai4r_ws/install/yolov8_msgs/include/yolov8_msgs/yolov8_msgs/msg/detail/inference_result__traits.hpp
[49.721s] -- Installing: /ai4r_ws/install/yolov8_msgs/include/yolov8_msgs/yolov8_msgs/msg/detail/yolov8_inference__type_support.hpp
[49.721s] -- Installing: /ai4r_ws/install/yolov8_msgs/include/yolov8_msgs/yolov8_msgs/msg/detail/yolov8_inference__builder.hpp
[49.722s] -- Installing: /ai4r_ws/install/yolov8_msgs/include/yolov8_msgs/yolov8_msgs/msg/detail/yolov8_inference__traits.hpp
[49.722s] -- Installing: /ai4r_ws/install/yolov8_msgs/include/yolov8_msgs/yolov8_msgs/msg/detail/inference_result__struct.hpp
[49.723s] -- Installing: /ai4r_ws/install/yolov8_msgs/include/yolov8_msgs/yolov8_msgs/msg/detail/inference_result__builder.hpp
[49.723s] -- Installing: /ai4r_ws/install/yolov8_msgs/include/yolov8_msgs/yolov8_msgs/msg/detail/yolov8_inference__struct.hpp
[49.723s] -- Installing: /ai4r_ws/install/yolov8_msgs/include/yolov8_msgs/yolov8_msgs/msg/detail/inference_result__type_support.hpp
[49.724s] -- Up-to-date: /ai4r_ws/install/yolov8_msgs/include/yolov8_msgs/yolov8_msgs
[49.724s] -- Up-to-date: /ai4r_ws/install/yolov8_msgs/include/yolov8_msgs/yolov8_msgs/msg
[49.724s] -- Installing: /ai4r_ws/install/yolov8_msgs/include/yolov8_msgs/yolov8_msgs/msg/rosidl_typesupport_fastrtps_cpp__visibility_control.h
[49.725s] -- Up-to-date: /ai4r_ws/install/yolov8_msgs/include/yolov8_msgs/yolov8_msgs/msg/detail
[49.725s] -- Installing: /ai4r_ws/install/yolov8_msgs/include/yolov8_msgs/yolov8_msgs/msg/detail/dds_fastrtps
[49.725s] -- Installing: /ai4r_ws/install/yolov8_msgs/include/yolov8_msgs/yolov8_msgs/msg/detail/yolov8_inference__rosidl_typesupport_fastrtps_cpp.hpp
[49.726s] -- Installing: /ai4r_ws/install/yolov8_msgs/include/yolov8_msgs/yolov8_msgs/msg/detail/inference_result__rosidl_typesupport_fastrtps_cpp.hpp
[49.726s] -- Installing: /ai4r_ws/install/yolov8_msgs/lib/libyolov8_msgs__rosidl_typesupport_fastrtps_cpp.so
[49.727s] -- Set non-toolchain portion of runtime path of "/ai4r_ws/install/yolov8_msgs/lib/libyolov8_msgs__rosidl_typesupport_fastrtps_cpp.so" to ""
[49.727s] -- Up-to-date: /ai4r_ws/install/yolov8_msgs/include/yolov8_msgs/yolov8_msgs
[49.728s] -- Up-to-date: /ai4r_ws/install/yolov8_msgs/include/yolov8_msgs/yolov8_msgs/msg
[49.728s] -- Installing: /ai4r_ws/install/yolov8_msgs/include/yolov8_msgs/yolov8_msgs/msg/rosidl_typesupport_introspection_c__visibility_control.h
[49.728s] -- Up-to-date: /ai4r_ws/install/yolov8_msgs/include/yolov8_msgs/yolov8_msgs/msg/detail
[49.728s] -- Installing: /ai4r_ws/install/yolov8_msgs/include/yolov8_msgs/yolov8_msgs/msg/detail/inference_result__rosidl_typesupport_introspection_c.h
[49.729s] -- Installing: /ai4r_ws/install/yolov8_msgs/include/yolov8_msgs/yolov8_msgs/msg/detail/yolov8_inference__rosidl_typesupport_introspection_c.h
[49.729s] -- Installing: /ai4r_ws/install/yolov8_msgs/include/yolov8_msgs/yolov8_msgs/msg/detail/inference_result__type_support.c
[49.729s] -- Installing: /ai4r_ws/install/yolov8_msgs/include/yolov8_msgs/yolov8_msgs/msg/detail/yolov8_inference__type_support.c
[49.730s] -- Installing: /ai4r_ws/install/yolov8_msgs/lib/libyolov8_msgs__rosidl_typesupport_introspection_c.so
[49.731s] -- Set non-toolchain portion of runtime path of "/ai4r_ws/install/yolov8_msgs/lib/libyolov8_msgs__rosidl_typesupport_introspection_c.so" to ""
[49.732s] -- Installing: /ai4r_ws/install/yolov8_msgs/lib/libyolov8_msgs__rosidl_typesupport_c.so
[49.732s] -- Set non-toolchain portion of runtime path of "/ai4r_ws/install/yolov8_msgs/lib/libyolov8_msgs__rosidl_typesupport_c.so" to ""
[49.732s] -- Up-to-date: /ai4r_ws/install/yolov8_msgs/include/yolov8_msgs/yolov8_msgs
[49.732s] -- Up-to-date: /ai4r_ws/install/yolov8_msgs/include/yolov8_msgs/yolov8_msgs/msg
[49.732s] -- Up-to-date: /ai4r_ws/install/yolov8_msgs/include/yolov8_msgs/yolov8_msgs/msg/detail
[49.733s] -- Installing: /ai4r_ws/install/yolov8_msgs/include/yolov8_msgs/yolov8_msgs/msg/detail/inference_result__type_support.cpp
[49.733s] -- Installing: /ai4r_ws/install/yolov8_msgs/include/yolov8_msgs/yolov8_msgs/msg/detail/yolov8_inference__rosidl_typesupport_introspection_cpp.hpp
[49.733s] -- Installing: /ai4r_ws/install/yolov8_msgs/include/yolov8_msgs/yolov8_msgs/msg/detail/yolov8_inference__type_support.cpp
[49.734s] -- Installing: /ai4r_ws/install/yolov8_msgs/include/yolov8_msgs/yolov8_msgs/msg/detail/inference_result__rosidl_typesupport_introspection_cpp.hpp
[49.735s] -- Installing: /ai4r_ws/install/yolov8_msgs/lib/libyolov8_msgs__rosidl_typesupport_introspection_cpp.so
[49.735s] -- Set non-toolchain portion of runtime path of "/ai4r_ws/install/yolov8_msgs/lib/libyolov8_msgs__rosidl_typesupport_introspection_cpp.so" to ""
[49.735s] -- Installing: /ai4r_ws/install/yolov8_msgs/lib/libyolov8_msgs__rosidl_typesupport_cpp.so
[49.736s] -- Set non-toolchain portion of runtime path of "/ai4r_ws/install/yolov8_msgs/lib/libyolov8_msgs__rosidl_typesupport_cpp.so" to ""
[49.736s] -- Installing: /ai4r_ws/install/yolov8_msgs/share/yolov8_msgs/environment/pythonpath.sh
[49.737s] -- Installing: /ai4r_ws/install/yolov8_msgs/share/yolov8_msgs/environment/pythonpath.dsv
[49.737s] -- Installing: /ai4r_ws/install/yolov8_msgs/lib/python3.12/site-packages/yolov8_msgs-0.0.0-py3.12.egg-info
[49.738s] -- Installing: /ai4r_ws/install/yolov8_msgs/lib/python3.12/site-packages/yolov8_msgs-0.0.0-py3.12.egg-info/dependency_links.txt
[49.738s] -- Installing: /ai4r_ws/install/yolov8_msgs/lib/python3.12/site-packages/yolov8_msgs-0.0.0-py3.12.egg-info/top_level.txt
[49.738s] -- Installing: /ai4r_ws/install/yolov8_msgs/lib/python3.12/site-packages/yolov8_msgs-0.0.0-py3.12.egg-info/SOURCES.txt
[49.738s] -- Installing: /ai4r_ws/install/yolov8_msgs/lib/python3.12/site-packages/yolov8_msgs-0.0.0-py3.12.egg-info/PKG-INFO
[49.739s] -- Installing: /ai4r_ws/install/yolov8_msgs/lib/python3.12/site-packages/yolov8_msgs
[49.739s] -- Installing: /ai4r_ws/install/yolov8_msgs/lib/python3.12/site-packages/yolov8_msgs/msg
[49.747s] -- Installing: /ai4r_ws/install/yolov8_msgs/lib/python3.12/site-packages/yolov8_msgs/msg/_yolov8_inference_s.c
[49.748s] -- Installing: /ai4r_ws/install/yolov8_msgs/lib/python3.12/site-packages/yolov8_msgs/msg/_inference_result.py
[49.748s] -- Installing: /ai4r_ws/install/yolov8_msgs/lib/python3.12/site-packages/yolov8_msgs/msg/_yolov8_inference.py
[49.749s] -- Installing: /ai4r_ws/install/yolov8_msgs/lib/python3.12/site-packages/yolov8_msgs/msg/_inference_result_s.c
[49.749s] -- Installing: /ai4r_ws/install/yolov8_msgs/lib/python3.12/site-packages/yolov8_msgs/msg/__init__.py
[49.749s] -- Installing: /ai4r_ws/install/yolov8_msgs/lib/python3.12/site-packages/yolov8_msgs/yolov8_msgs_s__rosidl_typesupport_c.so
[49.750s] -- Installing: /ai4r_ws/install/yolov8_msgs/lib/python3.12/site-packages/yolov8_msgs/yolov8_msgs_s__rosidl_typesupport_introspection_c.so
[49.750s] -- Installing: /ai4r_ws/install/yolov8_msgs/lib/python3.12/site-packages/yolov8_msgs/_yolov8_msgs_s.ep.rosidl_typesupport_fastrtps_c.c
[49.750s] -- Installing: /ai4r_ws/install/yolov8_msgs/lib/python3.12/site-packages/yolov8_msgs/_yolov8_msgs_s.ep.rosidl_typesupport_c.c
[49.751s] -- Installing: /ai4r_ws/install/yolov8_msgs/lib/python3.12/site-packages/yolov8_msgs/_yolov8_msgs_s.ep.rosidl_typesupport_introspection_c.c
[49.751s] -- Installing: /ai4r_ws/install/yolov8_msgs/lib/python3.12/site-packages/yolov8_msgs/__init__.py
[49.752s] -- Installing: /ai4r_ws/install/yolov8_msgs/lib/python3.12/site-packages/yolov8_msgs/yolov8_msgs_s__rosidl_typesupport_fastrtps_c.so
[49.871s] Listing '/ai4r_ws/install/yolov8_msgs/lib/python3.12/site-packages/yolov8_msgs'...
[49.872s] Compiling '/ai4r_ws/install/yolov8_msgs/lib/python3.12/site-packages/yolov8_msgs/__init__.py'...
[49.872s] Listing '/ai4r_ws/install/yolov8_msgs/lib/python3.12/site-packages/yolov8_msgs/msg'...
[49.872s] Compiling '/ai4r_ws/install/yolov8_msgs/lib/python3.12/site-packages/yolov8_msgs/msg/__init__.py'...
[49.872s] Compiling '/ai4r_ws/install/yolov8_msgs/lib/python3.12/site-packages/yolov8_msgs/msg/_inference_result.py'...
[49.872s] Compiling '/ai4r_ws/install/yolov8_msgs/lib/python3.12/site-packages/yolov8_msgs/msg/_yolov8_inference.py'...
[49.907s] -- Installing: /ai4r_ws/install/yolov8_msgs/lib/python3.12/site-packages/yolov8_msgs/yolov8_msgs_s__rosidl_typesupport_fastrtps_c.so
[49.907s] -- Set non-toolchain portion of runtime path of "/ai4r_ws/install/yolov8_msgs/lib/python3.12/site-packages/yolov8_msgs/yolov8_msgs_s__rosidl_typesupport_fastrtps_c.so" to ""
[49.907s] -- Installing: /ai4r_ws/install/yolov8_msgs/lib/python3.12/site-packages/yolov8_msgs/yolov8_msgs_s__rosidl_typesupport_introspection_c.so
[49.907s] -- Set non-toolchain portion of runtime path of "/ai4r_ws/install/yolov8_msgs/lib/python3.12/site-packages/yolov8_msgs/yolov8_msgs_s__rosidl_typesupport_introspection_c.so" to ""
[49.907s] -- Installing: /ai4r_ws/install/yolov8_msgs/lib/python3.12/site-packages/yolov8_msgs/yolov8_msgs_s__rosidl_typesupport_c.so
[49.907s] -- Set non-toolchain portion of runtime path of "/ai4r_ws/install/yolov8_msgs/lib/python3.12/site-packages/yolov8_msgs/yolov8_msgs_s__rosidl_typesupport_c.so" to ""
[49.907s] -- Installing: /ai4r_ws/install/yolov8_msgs/lib/libyolov8_msgs__rosidl_generator_py.so
[49.908s] -- Set non-toolchain portion of runtime path of "/ai4r_ws/install/yolov8_msgs/lib/libyolov8_msgs__rosidl_generator_py.so" to ""
[49.908s] -- Installing: /ai4r_ws/install/yolov8_msgs/share/yolov8_msgs/msg/InferenceResult.idl
[49.909s] -- Installing: /ai4r_ws/install/yolov8_msgs/share/yolov8_msgs/msg/Yolov8Inference.idl
[49.909s] -- Installing: /ai4r_ws/install/yolov8_msgs/share/yolov8_msgs/msg/InferenceResult.msg
[49.919s] -- Installing: /ai4r_ws/install/yolov8_msgs/share/yolov8_msgs/msg/Yolov8Inference.msg
[49.919s] -- Installing: /ai4r_ws/install/yolov8_msgs/share/ament_index/resource_index/package_run_dependencies/yolov8_msgs
[49.919s] -- Installing: /ai4r_ws/install/yolov8_msgs/share/ament_index/resource_index/parent_prefix_path/yolov8_msgs
[49.919s] -- Installing: /ai4r_ws/install/yolov8_msgs/share/yolov8_msgs/environment/ament_prefix_path.sh
[49.919s] -- Installing: /ai4r_ws/install/yolov8_msgs/share/yolov8_msgs/environment/ament_prefix_path.dsv
[49.919s] -- Installing: /ai4r_ws/install/yolov8_msgs/share/yolov8_msgs/environment/path.sh
[49.920s] -- Installing: /ai4r_ws/install/yolov8_msgs/share/yolov8_msgs/environment/path.dsv
[49.920s] -- Installing: /ai4r_ws/install/yolov8_msgs/share/yolov8_msgs/local_setup.bash
[49.920s] -- Installing: /ai4r_ws/install/yolov8_msgs/share/yolov8_msgs/local_setup.sh
[49.920s] -- Installing: /ai4r_ws/install/yolov8_msgs/share/yolov8_msgs/local_setup.zsh
[49.920s] -- Installing: /ai4r_ws/install/yolov8_msgs/share/yolov8_msgs/local_setup.dsv
[49.920s] -- Installing: /ai4r_ws/install/yolov8_msgs/share/yolov8_msgs/package.dsv
[49.921s] -- Installing: /ai4r_ws/install/yolov8_msgs/share/ament_index/resource_index/packages/yolov8_msgs
[49.921s] -- Installing: /ai4r_ws/install/yolov8_msgs/share/yolov8_msgs/cmake/export_yolov8_msgs__rosidl_generator_cExport.cmake
[49.922s] -- Installing: /ai4r_ws/install/yolov8_msgs/share/yolov8_msgs/cmake/export_yolov8_msgs__rosidl_generator_cExport-noconfig.cmake
[49.922s] -- Installing: /ai4r_ws/install/yolov8_msgs/share/yolov8_msgs/cmake/export_yolov8_msgs__rosidl_typesupport_fastrtps_cExport.cmake
[49.932s] -- Installing: /ai4r_ws/install/yolov8_msgs/share/yolov8_msgs/cmake/export_yolov8_msgs__rosidl_typesupport_fastrtps_cExport-noconfig.cmake
[49.932s] -- Installing: /ai4r_ws/install/yolov8_msgs/share/yolov8_msgs/cmake/export_yolov8_msgs__rosidl_generator_cppExport.cmake
[49.932s] -- Installing: /ai4r_ws/install/yolov8_msgs/share/yolov8_msgs/cmake/export_yolov8_msgs__rosidl_typesupport_fastrtps_cppExport.cmake
[49.932s] -- Installing: /ai4r_ws/install/yolov8_msgs/share/yolov8_msgs/cmake/export_yolov8_msgs__rosidl_typesupport_fastrtps_cppExport-noconfig.cmake
[49.932s] -- Installing: /ai4r_ws/install/yolov8_msgs/share/yolov8_msgs/cmake/yolov8_msgs__rosidl_typesupport_introspection_cExport.cmake
[49.932s] -- Installing: /ai4r_ws/install/yolov8_msgs/share/yolov8_msgs/cmake/yolov8_msgs__rosidl_typesupport_introspection_cExport-noconfig.cmake
[49.932s] -- Installing: /ai4r_ws/install/yolov8_msgs/share/yolov8_msgs/cmake/yolov8_msgs__rosidl_typesupport_cExport.cmake
[49.932s] -- Installing: /ai4r_ws/install/yolov8_msgs/share/yolov8_msgs/cmake/yolov8_msgs__rosidl_typesupport_cExport-noconfig.cmake
[49.933s] -- Installing: /ai4r_ws/install/yolov8_msgs/share/yolov8_msgs/cmake/yolov8_msgs__rosidl_typesupport_introspection_cppExport.cmake
[49.934s] -- Installing: /ai4r_ws/install/yolov8_msgs/share/yolov8_msgs/cmake/yolov8_msgs__rosidl_typesupport_introspection_cppExport-noconfig.cmake
[49.934s] -- Installing: /ai4r_ws/install/yolov8_msgs/share/yolov8_msgs/cmake/yolov8_msgs__rosidl_typesupport_cppExport.cmake
[49.934s] -- Installing: /ai4r_ws/install/yolov8_msgs/share/yolov8_msgs/cmake/yolov8_msgs__rosidl_typesupport_cppExport-noconfig.cmake
[49.934s] -- Installing: /ai4r_ws/install/yolov8_msgs/share/yolov8_msgs/cmake/export_yolov8_msgs__rosidl_generator_pyExport.cmake
[49.935s] -- Installing: /ai4r_ws/install/yolov8_msgs/share/yolov8_msgs/cmake/export_yolov8_msgs__rosidl_generator_pyExport-noconfig.cmake
[49.935s] -- Installing: /ai4r_ws/install/yolov8_msgs/share/yolov8_msgs/cmake/rosidl_cmake-extras.cmake
[49.944s] -- Installing: /ai4r_ws/install/yolov8_msgs/share/yolov8_msgs/cmake/ament_cmake_export_dependencies-extras.cmake
[49.944s] -- Installing: /ai4r_ws/install/yolov8_msgs/share/yolov8_msgs/cmake/ament_cmake_export_include_directories-extras.cmake
[49.944s] -- Installing: /ai4r_ws/install/yolov8_msgs/share/yolov8_msgs/cmake/ament_cmake_export_libraries-extras.cmake
[49.944s] -- Installing: /ai4r_ws/install/yolov8_msgs/share/yolov8_msgs/cmake/ament_cmake_export_targets-extras.cmake
[49.945s] -- Installing: /ai4r_ws/install/yolov8_msgs/share/yolov8_msgs/cmake/rosidl_cmake_export_typesupport_targets-extras.cmake
[49.945s] -- Installing: /ai4r_ws/install/yolov8_msgs/share/yolov8_msgs/cmake/rosidl_cmake_export_typesupport_libraries-extras.cmake
[49.947s] -- Installing: /ai4r_ws/install/yolov8_msgs/share/yolov8_msgs/cmake/yolov8_msgsConfig.cmake
[49.947s] -- Installing: /ai4r_ws/install/yolov8_msgs/share/yolov8_msgs/cmake/yolov8_msgsConfig-version.cmake
[49.947s] -- Installing: /ai4r_ws/install/yolov8_msgs/share/yolov8_msgs/package.xml
[49.970s] Invoked command in '/ai4r_ws/build/yolov8_msgs' returned '0': CMAKE_PREFIX_PATH=${CMAKE_PREFIX_PATH}:/opt/ros/jazzy /usr/bin/cmake --install /ai4r_ws/build/yolov8_msgs
