[1.687s] Invoking command in '/ai4r_ws/build/yolobot_control': CMAKE_PREFIX_PATH=${CMAKE_PREFIX_PATH}:/opt/ros/jazzy /usr/bin/cmake /ai4r_ws/src/yolobot/src/yolobot_control -DCMAKE_INSTALL_PREFIX=/ai4r_ws/install/yolobot_control
[2.315s] -- The C compiler identification is GNU 13.3.0
[2.802s] -- The CXX compiler identification is GNU 13.3.0
[2.902s] -- Detecting C compiler ABI info
[3.348s] -- Detecting C compiler ABI info - done
[3.449s] -- Check for working C compiler: /usr/bin/cc - skipped
[3.460s] -- Detecting C compile features
[3.464s] -- Detecting C compile features - done
[3.522s] -- Detecting CXX compiler ABI info
[4.103s] -- Detecting CXX compiler ABI info - done
[4.150s] -- Check for working CXX compiler: /usr/bin/c++ - skipped
[4.151s] -- Detecting CXX compile features
[4.152s] -- Detecting CXX compile features - done
[4.169s] -- Found ament_cmake: 2.5.3 (/opt/ros/jazzy/share/ament_cmake/cmake)
[4.989s] -- Found Python3: /usr/bin/python3 (found version "3.12.3") found components: Interpreter 
[5.758s] -- Found ament_lint_auto: 0.17.2 (/opt/ros/jazzy/share/ament_lint_auto/cmake)
[6.783s] -- Added test 'copyright' to check source files copyright and LICENSE
[6.791s] -- Added test 'flake8' to check Python code syntax and style conventions
[6.792s] -- Configured 'flake8' exclude dirs and/or files: 
[6.808s] -- Added test 'lint_cmake' to check CMake code style
[6.808s] -- Added test 'pep257' to check Python code against some of the docstring style conventions in PEP 257
[6.827s] -- Added test 'xmllint' to check XML markup files
[6.843s] -- Configuring done (5.0s)
[6.862s] -- Generating done (0.0s)
[6.892s] -- Build files have been written to: /ai4r_ws/build/yolobot_control
[6.950s] Invoked command in '/ai4r_ws/build/yolobot_control' returned '0': CMAKE_PREFIX_PATH=${CMAKE_PREFIX_PATH}:/opt/ros/jazzy /usr/bin/cmake /ai4r_ws/src/yolobot/src/yolobot_control -DCMAKE_INSTALL_PREFIX=/ai4r_ws/install/yolobot_control
[6.952s] Invoking command in '/ai4r_ws/build/yolobot_control': CMAKE_PREFIX_PATH=${CMAKE_PREFIX_PATH}:/opt/ros/jazzy /usr/bin/cmake --build /ai4r_ws/build/yolobot_control -- -j12 -l12
[7.203s] Invoked command in '/ai4r_ws/build/yolobot_control' returned '0': CMAKE_PREFIX_PATH=${CMAKE_PREFIX_PATH}:/opt/ros/jazzy /usr/bin/cmake --build /ai4r_ws/build/yolobot_control -- -j12 -l12
[7.205s] Invoking command in '/ai4r_ws/build/yolobot_control': CMAKE_PREFIX_PATH=${CMAKE_PREFIX_PATH}:/opt/ros/jazzy /usr/bin/cmake --install /ai4r_ws/build/yolobot_control
[7.234s] -- Install configuration: ""
[7.234s] -- Installing: /ai4r_ws/install/yolobot_control/share/yolobot_control//scripts
[7.235s] -- Installing: /ai4r_ws/install/yolobot_control/share/yolobot_control//scripts/robot_control.py
[7.236s] -- Installing: /ai4r_ws/install/yolobot_control/share/yolobot_control//launch
[7.237s] -- Installing: /ai4r_ws/install/yolobot_control/share/yolobot_control//launch/yolobot_control.launch.py
[7.237s] -- Installing: /ai4r_ws/install/yolobot_control/lib/yolobot_control/robot_control.py
[7.238s] -- Installing: /ai4r_ws/install/yolobot_control/lib/yolobot_control/yolobot_control.launch.py
[7.250s] -- Installing: /ai4r_ws/install/yolobot_control/share/ament_index/resource_index/package_run_dependencies/yolobot_control
[7.250s] -- Installing: /ai4r_ws/install/yolobot_control/share/ament_index/resource_index/parent_prefix_path/yolobot_control
[7.250s] -- Installing: /ai4r_ws/install/yolobot_control/share/yolobot_control/environment/ament_prefix_path.sh
[7.251s] -- Installing: /ai4r_ws/install/yolobot_control/share/yolobot_control/environment/ament_prefix_path.dsv
[7.251s] -- Installing: /ai4r_ws/install/yolobot_control/share/yolobot_control/environment/path.sh
[7.251s] -- Installing: /ai4r_ws/install/yolobot_control/share/yolobot_control/environment/path.dsv
[7.251s] -- Installing: /ai4r_ws/install/yolobot_control/share/yolobot_control/local_setup.bash
[7.251s] -- Installing: /ai4r_ws/install/yolobot_control/share/yolobot_control/local_setup.sh
[7.251s] -- Installing: /ai4r_ws/install/yolobot_control/share/yolobot_control/local_setup.zsh
[7.251s] -- Installing: /ai4r_ws/install/yolobot_control/share/yolobot_control/local_setup.dsv
[7.251s] -- Installing: /ai4r_ws/install/yolobot_control/share/yolobot_control/package.dsv
[7.251s] -- Installing: /ai4r_ws/install/yolobot_control/share/ament_index/resource_index/packages/yolobot_control
[7.251s] -- Installing: /ai4r_ws/install/yolobot_control/share/yolobot_control/cmake/yolobot_controlConfig.cmake
[7.252s] -- Installing: /ai4r_ws/install/yolobot_control/share/yolobot_control/cmake/yolobot_controlConfig-version.cmake
[7.252s] -- Installing: /ai4r_ws/install/yolobot_control/share/yolobot_control/package.xml
[7.264s] Invoked command in '/ai4r_ws/build/yolobot_control' returned '0': CMAKE_PREFIX_PATH=${CMAKE_PREFIX_PATH}:/opt/ros/jazzy /usr/bin/cmake --install /ai4r_ws/build/yolobot_control
