[1.696s] Invoking command in '/ai4r_ws/build/yolobot_gazebo': CMAKE_PREFIX_PATH=${CMAKE_PREFIX_PATH}:/opt/ros/jazzy /usr/bin/cmake /ai4r_ws/src/yolobot/src/yolobot_gazebo -DCMAKE_INSTALL_PREFIX=/ai4r_ws/install/yolobot_gazebo
[2.303s] -- The C compiler identification is GNU 13.3.0
[2.821s] -- The CXX compiler identification is GNU 13.3.0
[2.916s] -- Detecting C compiler ABI info
[3.412s] -- Detecting C compiler ABI info - done
[3.488s] -- Check for working C compiler: /usr/bin/cc - skipped
[3.488s] -- Detecting C compile features
[3.503s] -- Detecting C compile features - done
[3.553s] -- Detecting CXX compiler ABI info
[4.082s] -- Detecting CXX compiler ABI info - done
[4.123s] -- Check for working CXX compiler: /usr/bin/c++ - skipped
[4.126s] -- Detecting CXX compile features
[4.127s] -- Detecting CXX compile features - done
[4.152s] -- Found ament_cmake: 2.5.3 (/opt/ros/jazzy/share/ament_cmake/cmake)
[4.988s] -- Found Python3: /usr/bin/python3 (found version "3.12.3") found components: Interpreter 
[5.259s] -- Found rclpy: 7.1.4 (/opt/ros/jazzy/share/rclpy/cmake)
[5.266s] -- Found ament_lint_auto: 0.17.2 (/opt/ros/jazzy/share/ament_lint_auto/cmake)
[6.052s] -- Added test 'copyright' to check source files copyright and LICENSE
[6.058s] -- Added test 'flake8' to check Python code syntax and style conventions
[6.058s] -- Configured 'flake8' exclude dirs and/or files: 
[6.063s] -- Added test 'lint_cmake' to check CMake code style
[6.063s] -- Added test 'pep257' to check Python code against some of the docstring style conventions in PEP 257
[6.070s] -- Added test 'xmllint' to check XML markup files
[6.079s] -- Configuring done (4.3s)
[6.086s] -- Generating done (0.0s)
[6.090s] -- Build files have been written to: /ai4r_ws/build/yolobot_gazebo
[6.107s] Invoked command in '/ai4r_ws/build/yolobot_gazebo' returned '0': CMAKE_PREFIX_PATH=${CMAKE_PREFIX_PATH}:/opt/ros/jazzy /usr/bin/cmake /ai4r_ws/src/yolobot/src/yolobot_gazebo -DCMAKE_INSTALL_PREFIX=/ai4r_ws/install/yolobot_gazebo
[6.110s] Invoking command in '/ai4r_ws/build/yolobot_gazebo': CMAKE_PREFIX_PATH=${CMAKE_PREFIX_PATH}:/opt/ros/jazzy /usr/bin/cmake --build /ai4r_ws/build/yolobot_gazebo -- -j12 -l12
[6.306s] Invoked command in '/ai4r_ws/build/yolobot_gazebo' returned '0': CMAKE_PREFIX_PATH=${CMAKE_PREFIX_PATH}:/opt/ros/jazzy /usr/bin/cmake --build /ai4r_ws/build/yolobot_gazebo -- -j12 -l12
[6.339s] Invoking command in '/ai4r_ws/build/yolobot_gazebo': CMAKE_PREFIX_PATH=${CMAKE_PREFIX_PATH}:/opt/ros/jazzy /usr/bin/cmake --install /ai4r_ws/build/yolobot_gazebo
[6.402s] -- Install configuration: ""
[6.402s] -- Installing: /ai4r_ws/install/yolobot_gazebo/share/yolobot_gazebo//launch
[6.402s] -- Installing: /ai4r_ws/install/yolobot_gazebo/share/yolobot_gazebo//launch/yolobot_launch.py
[6.409s] -- Installing: /ai4r_ws/install/yolobot_gazebo/share/yolobot_gazebo//launch/start_world_launch.py
[6.412s] -- Installing: /ai4r_ws/install/yolobot_gazebo/share/yolobot_gazebo//worlds
[6.412s] -- Installing: /ai4r_ws/install/yolobot_gazebo/share/yolobot_gazebo//worlds/yolo_test.world
[6.416s] -- Installing: /ai4r_ws/install/yolobot_gazebo/share/ament_index/resource_index/package_run_dependencies/yolobot_gazebo
[6.418s] -- Installing: /ai4r_ws/install/yolobot_gazebo/share/ament_index/resource_index/parent_prefix_path/yolobot_gazebo
[6.418s] -- Installing: /ai4r_ws/install/yolobot_gazebo/share/yolobot_gazebo/environment/ament_prefix_path.sh
[6.418s] -- Installing: /ai4r_ws/install/yolobot_gazebo/share/yolobot_gazebo/environment/ament_prefix_path.dsv
[6.418s] -- Installing: /ai4r_ws/install/yolobot_gazebo/share/yolobot_gazebo/environment/path.sh
[6.418s] -- Installing: /ai4r_ws/install/yolobot_gazebo/share/yolobot_gazebo/environment/path.dsv
[6.418s] -- Installing: /ai4r_ws/install/yolobot_gazebo/share/yolobot_gazebo/local_setup.bash
[6.418s] -- Installing: /ai4r_ws/install/yolobot_gazebo/share/yolobot_gazebo/local_setup.sh
[6.419s] -- Installing: /ai4r_ws/install/yolobot_gazebo/share/yolobot_gazebo/local_setup.zsh
[6.419s] -- Installing: /ai4r_ws/install/yolobot_gazebo/share/yolobot_gazebo/local_setup.dsv
[6.419s] -- Installing: /ai4r_ws/install/yolobot_gazebo/share/yolobot_gazebo/package.dsv
[6.419s] -- Installing: /ai4r_ws/install/yolobot_gazebo/share/ament_index/resource_index/packages/yolobot_gazebo
[6.419s] -- Installing: /ai4r_ws/install/yolobot_gazebo/share/yolobot_gazebo/cmake/yolobot_gazeboConfig.cmake
[6.419s] -- Installing: /ai4r_ws/install/yolobot_gazebo/share/yolobot_gazebo/cmake/yolobot_gazeboConfig-version.cmake
[6.419s] -- Installing: /ai4r_ws/install/yolobot_gazebo/share/yolobot_gazebo/package.xml
[6.432s] Invoked command in '/ai4r_ws/build/yolobot_gazebo' returned '0': CMAKE_PREFIX_PATH=${CMAKE_PREFIX_PATH}:/opt/ros/jazzy /usr/bin/cmake --install /ai4r_ws/build/yolobot_gazebo
