running egg_info
writing ../../build/relbot_video_interface/relbot_video_interface.egg-info/PKG-INFO
writing dependency_links to ../../build/relbot_video_interface/relbot_video_interface.egg-info/dependency_links.txt
writing entry points to ../../build/relbot_video_interface/relbot_video_interface.egg-info/entry_points.txt
writing requirements to ../../build/relbot_video_interface/relbot_video_interface.egg-info/requires.txt
writing top-level names to ../../build/relbot_video_interface/relbot_video_interface.egg-info/top_level.txt
reading manifest file '../../build/relbot_video_interface/relbot_video_interface.egg-info/SOURCES.txt'
writing manifest file '../../build/relbot_video_interface/relbot_video_interface.egg-info/SOURCES.txt'
running build
running build_py
copying relbot_video_interface/video_interface_node.py -> /ai4r_ws/build/relbot_video_interface/build/lib/relbot_video_interface
running install
running install_lib
copying /ai4r_ws/build/relbot_video_interface/build/lib/relbot_video_interface/video_interface_node.py -> /ai4r_ws/install/relbot_video_interface/lib/python3.12/site-packages/relbot_video_interface
byte-compiling /ai4r_ws/install/relbot_video_interface/lib/python3.12/site-packages/relbot_video_interface/video_interface_node.py to video_interface_node.cpython-312.pyc
running install_data
running install_egg_info
removing '/ai4r_ws/install/relbot_video_interface/lib/python3.12/site-packages/relbot_video_interface-0.1.0-py3.12.egg-info' (and everything under it)
Copying ../../build/relbot_video_interface/relbot_video_interface.egg-info to /ai4r_ws/install/relbot_video_interface/lib/python3.12/site-packages/relbot_video_interface-0.1.0-py3.12.egg-info
running install_scripts
Installing video_interface script to /ai4r_ws/install/relbot_video_interface/lib/relbot_video_interface
writing list of installed files to '/ai4r_ws/build/relbot_video_interface/install.log'
