[0.632s] DEBUG:colcon:Command line arguments: ['/usr/bin/colcon', 'build']
[0.632s] DEBUG:colcon:Parsed command line arguments: Namespace(log_base=None, log_level=None, verb_name='build', build_base='build', install_base='install', merge_install=False, symlink_install=False, test_result_base=None, continue_on_error=False, executor='parallel', parallel_workers=12, event_handlers=None, ignore_user_meta=False, metas=['./colcon.meta'], base_paths=['.'], packages_ignore=None, packages_ignore_regex=None, paths=None, packages_up_to=None, packages_up_to_regex=None, packages_above=None, packages_above_and_dependencies=None, packages_above_depth=None, packages_select_by_dep=None, packages_skip_by_dep=None, packages_skip_up_to=None, packages_select_build_failed=False, packages_skip_build_finished=False, packages_select_test_failures=False, packages_skip_test_passed=False, packages_select=None, packages_skip=None, packages_select_regex=None, packages_skip_regex=None, packages_start=None, packages_end=None, cmake_args=None, cmake_target=None, cmake_target_skip_unavailable=False, cmake_clean_cache=False, cmake_clean_first=False, cmake_force_configure=False, ament_cmake_args=None, catkin_cmake_args=None, catkin_skip_building_tests=False, verb_parser=<colcon_defaults.argument_parser.defaults.DefaultArgumentsDecorator object at 0x7c0d7155ec90>, verb_extension=<colcon_core.verb.build.BuildVerb object at 0x7c0d716e7110>, main=<bound method BuildVerb.main of <colcon_core.verb.build.BuildVerb object at 0x7c0d716e7110>>)
[0.858s] Level 1:colcon.colcon_core.package_discovery:discover_packages(colcon_meta) check parameters
[0.858s] Level 1:colcon.colcon_core.package_discovery:discover_packages(recursive) check parameters
[0.858s] Level 1:colcon.colcon_core.package_discovery:discover_packages(ignore) check parameters
[0.858s] Level 1:colcon.colcon_core.package_discovery:discover_packages(path) check parameters
[0.858s] Level 1:colcon.colcon_core.package_discovery:discover_packages(colcon_meta) discover
[0.858s] Level 1:colcon.colcon_core.package_discovery:discover_packages(recursive) discover
[0.859s] INFO:colcon.colcon_core.package_discovery:Crawling recursively for packages in '/ai4r_ws'
[0.859s] Level 1:colcon.colcon_core.package_identification:_identify(.) by extensions ['ignore', 'ignore_ament_install']
[0.859s] Level 1:colcon.colcon_core.package_identification:_identify(.) by extension 'ignore'
[0.859s] Level 1:colcon.colcon_core.package_identification:_identify(.) by extension 'ignore_ament_install'
[0.859s] Level 1:colcon.colcon_core.package_identification:_identify(.) by extensions ['colcon_pkg']
[0.859s] Level 1:colcon.colcon_core.package_identification:_identify(.) by extension 'colcon_pkg'
[0.859s] Level 1:colcon.colcon_core.package_identification:_identify(.) by extensions ['colcon_meta']
[0.859s] Level 1:colcon.colcon_core.package_identification:_identify(.) by extension 'colcon_meta'
[0.862s] Level 1:colcon.colcon_core.package_identification:_identify(.) by extensions ['ros']
[0.862s] Level 1:colcon.colcon_core.package_identification:_identify(.) by extension 'ros'
[1.010s] Level 1:colcon.colcon_core.package_identification:_identify(.) by extensions ['cmake', 'python']
[1.011s] Level 1:colcon.colcon_core.package_identification:_identify(.) by extension 'cmake'
[1.011s] Level 1:colcon.colcon_core.package_identification:_identify(.) by extension 'python'
[1.011s] Level 1:colcon.colcon_core.package_identification:_identify(.) by extensions ['python_setup_py']
[1.011s] Level 1:colcon.colcon_core.package_identification:_identify(.) by extension 'python_setup_py'
[1.011s] Level 1:colcon.colcon_core.package_identification:_identify(build) by extensions ['ignore', 'ignore_ament_install']
[1.011s] Level 1:colcon.colcon_core.package_identification:_identify(build) by extension 'ignore'
[1.011s] Level 1:colcon.colcon_core.package_identification:_identify(build) ignored
[1.018s] Level 1:colcon.colcon_core.package_identification:_identify(install) by extensions ['ignore', 'ignore_ament_install']
[1.019s] Level 1:colcon.colcon_core.package_identification:_identify(install) by extension 'ignore'
[1.019s] Level 1:colcon.colcon_core.package_identification:_identify(install) ignored
[1.019s] Level 1:colcon.colcon_core.package_identification:_identify(log) by extensions ['ignore', 'ignore_ament_install']
[1.019s] Level 1:colcon.colcon_core.package_identification:_identify(log) by extension 'ignore'
[1.019s] Level 1:colcon.colcon_core.package_identification:_identify(log) ignored
[1.019s] Level 1:colcon.colcon_core.package_identification:_identify(src) by extensions ['ignore', 'ignore_ament_install']
[1.019s] Level 1:colcon.colcon_core.package_identification:_identify(src) by extension 'ignore'
[1.019s] Level 1:colcon.colcon_core.package_identification:_identify(src) by extension 'ignore_ament_install'
[1.019s] Level 1:colcon.colcon_core.package_identification:_identify(src) by extensions ['colcon_pkg']
[1.019s] Level 1:colcon.colcon_core.package_identification:_identify(src) by extension 'colcon_pkg'
[1.019s] Level 1:colcon.colcon_core.package_identification:_identify(src) by extensions ['colcon_meta']
[1.019s] Level 1:colcon.colcon_core.package_identification:_identify(src) by extension 'colcon_meta'
[1.020s] Level 1:colcon.colcon_core.package_identification:_identify(src) by extensions ['ros']
[1.020s] Level 1:colcon.colcon_core.package_identification:_identify(src) by extension 'ros'
[1.020s] Level 1:colcon.colcon_core.package_identification:_identify(src) by extensions ['cmake', 'python']
[1.020s] Level 1:colcon.colcon_core.package_identification:_identify(src) by extension 'cmake'
[1.020s] Level 1:colcon.colcon_core.package_identification:_identify(src) by extension 'python'
[1.020s] Level 1:colcon.colcon_core.package_identification:_identify(src) by extensions ['python_setup_py']
[1.020s] Level 1:colcon.colcon_core.package_identification:_identify(src) by extension 'python_setup_py'
[1.020s] Level 1:colcon.colcon_core.package_identification:_identify(src/relbot_video_interface) by extensions ['ignore', 'ignore_ament_install']
[1.020s] Level 1:colcon.colcon_core.package_identification:_identify(src/relbot_video_interface) by extension 'ignore'
[1.020s] Level 1:colcon.colcon_core.package_identification:_identify(src/relbot_video_interface) by extension 'ignore_ament_install'
[1.020s] Level 1:colcon.colcon_core.package_identification:_identify(src/relbot_video_interface) by extensions ['colcon_pkg']
[1.020s] Level 1:colcon.colcon_core.package_identification:_identify(src/relbot_video_interface) by extension 'colcon_pkg'
[1.020s] Level 1:colcon.colcon_core.package_identification:_identify(src/relbot_video_interface) by extensions ['colcon_meta']
[1.020s] Level 1:colcon.colcon_core.package_identification:_identify(src/relbot_video_interface) by extension 'colcon_meta'
[1.020s] Level 1:colcon.colcon_core.package_identification:_identify(src/relbot_video_interface) by extensions ['ros']
[1.020s] Level 1:colcon.colcon_core.package_identification:_identify(src/relbot_video_interface) by extension 'ros'
[1.043s] DEBUG:colcon.colcon_core.package_identification:Package 'src/relbot_video_interface' with type 'ros.ament_python' and name 'relbot_video_interface'
[1.044s] Level 1:colcon.colcon_core.package_identification:_identify(src/yolobot) by extensions ['ignore', 'ignore_ament_install']
[1.044s] Level 1:colcon.colcon_core.package_identification:_identify(src/yolobot) by extension 'ignore'
[1.044s] Level 1:colcon.colcon_core.package_identification:_identify(src/yolobot) by extension 'ignore_ament_install'
[1.044s] Level 1:colcon.colcon_core.package_identification:_identify(src/yolobot) by extensions ['colcon_pkg']
[1.044s] Level 1:colcon.colcon_core.package_identification:_identify(src/yolobot) by extension 'colcon_pkg'
[1.044s] Level 1:colcon.colcon_core.package_identification:_identify(src/yolobot) by extensions ['colcon_meta']
[1.044s] Level 1:colcon.colcon_core.package_identification:_identify(src/yolobot) by extension 'colcon_meta'
[1.044s] Level 1:colcon.colcon_core.package_identification:_identify(src/yolobot) by extensions ['ros']
[1.044s] Level 1:colcon.colcon_core.package_identification:_identify(src/yolobot) by extension 'ros'
[1.044s] Level 1:colcon.colcon_core.package_identification:_identify(src/yolobot) by extensions ['cmake', 'python']
[1.044s] Level 1:colcon.colcon_core.package_identification:_identify(src/yolobot) by extension 'cmake'
[1.044s] Level 1:colcon.colcon_core.package_identification:_identify(src/yolobot) by extension 'python'
[1.045s] Level 1:colcon.colcon_core.package_identification:_identify(src/yolobot) by extensions ['python_setup_py']
[1.045s] Level 1:colcon.colcon_core.package_identification:_identify(src/yolobot) by extension 'python_setup_py'
[1.045s] Level 1:colcon.colcon_core.package_identification:_identify(src/yolobot/models) by extensions ['ignore', 'ignore_ament_install']
[1.045s] Level 1:colcon.colcon_core.package_identification:_identify(src/yolobot/models) by extension 'ignore'
[1.045s] Level 1:colcon.colcon_core.package_identification:_identify(src/yolobot/models) by extension 'ignore_ament_install'
[1.045s] Level 1:colcon.colcon_core.package_identification:_identify(src/yolobot/models) by extensions ['colcon_pkg']
[1.045s] Level 1:colcon.colcon_core.package_identification:_identify(src/yolobot/models) by extension 'colcon_pkg'
[1.045s] Level 1:colcon.colcon_core.package_identification:_identify(src/yolobot/models) by extensions ['colcon_meta']
[1.045s] Level 1:colcon.colcon_core.package_identification:_identify(src/yolobot/models) by extension 'colcon_meta'
[1.045s] Level 1:colcon.colcon_core.package_identification:_identify(src/yolobot/models) by extensions ['ros']
[1.045s] Level 1:colcon.colcon_core.package_identification:_identify(src/yolobot/models) by extension 'ros'
[1.045s] Level 1:colcon.colcon_core.package_identification:_identify(src/yolobot/models) by extensions ['cmake', 'python']
[1.045s] Level 1:colcon.colcon_core.package_identification:_identify(src/yolobot/models) by extension 'cmake'
[1.045s] Level 1:colcon.colcon_core.package_identification:_identify(src/yolobot/models) by extension 'python'
[1.045s] Level 1:colcon.colcon_core.package_identification:_identify(src/yolobot/models) by extensions ['python_setup_py']
[1.045s] Level 1:colcon.colcon_core.package_identification:_identify(src/yolobot/models) by extension 'python_setup_py'
[1.046s] Level 1:colcon.colcon_core.package_identification:_identify(src/yolobot/models/person_standing) by extensions ['ignore', 'ignore_ament_install']
[1.046s] Level 1:colcon.colcon_core.package_identification:_identify(src/yolobot/models/person_standing) by extension 'ignore'
[1.046s] Level 1:colcon.colcon_core.package_identification:_identify(src/yolobot/models/person_standing) by extension 'ignore_ament_install'
[1.046s] Level 1:colcon.colcon_core.package_identification:_identify(src/yolobot/models/person_standing) by extensions ['colcon_pkg']
[1.046s] Level 1:colcon.colcon_core.package_identification:_identify(src/yolobot/models/person_standing) by extension 'colcon_pkg'
[1.046s] Level 1:colcon.colcon_core.package_identification:_identify(src/yolobot/models/person_standing) by extensions ['colcon_meta']
[1.046s] Level 1:colcon.colcon_core.package_identification:_identify(src/yolobot/models/person_standing) by extension 'colcon_meta'
[1.046s] Level 1:colcon.colcon_core.package_identification:_identify(src/yolobot/models/person_standing) by extensions ['ros']
[1.046s] Level 1:colcon.colcon_core.package_identification:_identify(src/yolobot/models/person_standing) by extension 'ros'
[1.058s] Level 1:colcon.colcon_core.package_identification:_identify(src/yolobot/models/person_standing) by extensions ['cmake', 'python']
[1.058s] Level 1:colcon.colcon_core.package_identification:_identify(src/yolobot/models/person_standing) by extension 'cmake'
[1.058s] Level 1:colcon.colcon_core.package_identification:_identify(src/yolobot/models/person_standing) by extension 'python'
[1.059s] Level 1:colcon.colcon_core.package_identification:_identify(src/yolobot/models/person_standing) by extensions ['python_setup_py']
[1.059s] Level 1:colcon.colcon_core.package_identification:_identify(src/yolobot/models/person_standing) by extension 'python_setup_py'
[1.059s] Level 1:colcon.colcon_core.package_identification:_identify(src/yolobot/models/person_standing/materials) by extensions ['ignore', 'ignore_ament_install']
[1.059s] Level 1:colcon.colcon_core.package_identification:_identify(src/yolobot/models/person_standing/materials) by extension 'ignore'
[1.059s] Level 1:colcon.colcon_core.package_identification:_identify(src/yolobot/models/person_standing/materials) by extension 'ignore_ament_install'
[1.059s] Level 1:colcon.colcon_core.package_identification:_identify(src/yolobot/models/person_standing/materials) by extensions ['colcon_pkg']
[1.059s] Level 1:colcon.colcon_core.package_identification:_identify(src/yolobot/models/person_standing/materials) by extension 'colcon_pkg'
[1.059s] Level 1:colcon.colcon_core.package_identification:_identify(src/yolobot/models/person_standing/materials) by extensions ['colcon_meta']
[1.059s] Level 1:colcon.colcon_core.package_identification:_identify(src/yolobot/models/person_standing/materials) by extension 'colcon_meta'
[1.059s] Level 1:colcon.colcon_core.package_identification:_identify(src/yolobot/models/person_standing/materials) by extensions ['ros']
[1.059s] Level 1:colcon.colcon_core.package_identification:_identify(src/yolobot/models/person_standing/materials) by extension 'ros'
[1.059s] Level 1:colcon.colcon_core.package_identification:_identify(src/yolobot/models/person_standing/materials) by extensions ['cmake', 'python']
[1.059s] Level 1:colcon.colcon_core.package_identification:_identify(src/yolobot/models/person_standing/materials) by extension 'cmake'
[1.059s] Level 1:colcon.colcon_core.package_identification:_identify(src/yolobot/models/person_standing/materials) by extension 'python'
[1.060s] Level 1:colcon.colcon_core.package_identification:_identify(src/yolobot/models/person_standing/materials) by extensions ['python_setup_py']
[1.060s] Level 1:colcon.colcon_core.package_identification:_identify(src/yolobot/models/person_standing/materials) by extension 'python_setup_py'
[1.060s] Level 1:colcon.colcon_core.package_identification:_identify(src/yolobot/models/person_standing/materials/textures) by extensions ['ignore', 'ignore_ament_install']
[1.060s] Level 1:colcon.colcon_core.package_identification:_identify(src/yolobot/models/person_standing/materials/textures) by extension 'ignore'
[1.060s] Level 1:colcon.colcon_core.package_identification:_identify(src/yolobot/models/person_standing/materials/textures) by extension 'ignore_ament_install'
[1.060s] Level 1:colcon.colcon_core.package_identification:_identify(src/yolobot/models/person_standing/materials/textures) by extensions ['colcon_pkg']
[1.060s] Level 1:colcon.colcon_core.package_identification:_identify(src/yolobot/models/person_standing/materials/textures) by extension 'colcon_pkg'
[1.060s] Level 1:colcon.colcon_core.package_identification:_identify(src/yolobot/models/person_standing/materials/textures) by extensions ['colcon_meta']
[1.060s] Level 1:colcon.colcon_core.package_identification:_identify(src/yolobot/models/person_standing/materials/textures) by extension 'colcon_meta'
[1.060s] Level 1:colcon.colcon_core.package_identification:_identify(src/yolobot/models/person_standing/materials/textures) by extensions ['ros']
[1.060s] Level 1:colcon.colcon_core.package_identification:_identify(src/yolobot/models/person_standing/materials/textures) by extension 'ros'
[1.060s] Level 1:colcon.colcon_core.package_identification:_identify(src/yolobot/models/person_standing/materials/textures) by extensions ['cmake', 'python']
[1.060s] Level 1:colcon.colcon_core.package_identification:_identify(src/yolobot/models/person_standing/materials/textures) by extension 'cmake'
[1.060s] Level 1:colcon.colcon_core.package_identification:_identify(src/yolobot/models/person_standing/materials/textures) by extension 'python'
[1.061s] Level 1:colcon.colcon_core.package_identification:_identify(src/yolobot/models/person_standing/materials/textures) by extensions ['python_setup_py']
[1.061s] Level 1:colcon.colcon_core.package_identification:_identify(src/yolobot/models/person_standing/materials/textures) by extension 'python_setup_py'
[1.061s] Level 1:colcon.colcon_core.package_identification:_identify(src/yolobot/models/person_standing/meshes) by extensions ['ignore', 'ignore_ament_install']
[1.061s] Level 1:colcon.colcon_core.package_identification:_identify(src/yolobot/models/person_standing/meshes) by extension 'ignore'
[1.061s] Level 1:colcon.colcon_core.package_identification:_identify(src/yolobot/models/person_standing/meshes) by extension 'ignore_ament_install'
[1.061s] Level 1:colcon.colcon_core.package_identification:_identify(src/yolobot/models/person_standing/meshes) by extensions ['colcon_pkg']
[1.061s] Level 1:colcon.colcon_core.package_identification:_identify(src/yolobot/models/person_standing/meshes) by extension 'colcon_pkg'
[1.061s] Level 1:colcon.colcon_core.package_identification:_identify(src/yolobot/models/person_standing/meshes) by extensions ['colcon_meta']
[1.061s] Level 1:colcon.colcon_core.package_identification:_identify(src/yolobot/models/person_standing/meshes) by extension 'colcon_meta'
[1.066s] Level 1:colcon.colcon_core.package_identification:_identify(src/yolobot/models/person_standing/meshes) by extensions ['ros']
[1.066s] Level 1:colcon.colcon_core.package_identification:_identify(src/yolobot/models/person_standing/meshes) by extension 'ros'
[1.066s] Level 1:colcon.colcon_core.package_identification:_identify(src/yolobot/models/person_standing/meshes) by extensions ['cmake', 'python']
[1.066s] Level 1:colcon.colcon_core.package_identification:_identify(src/yolobot/models/person_standing/meshes) by extension 'cmake'
[1.066s] Level 1:colcon.colcon_core.package_identification:_identify(src/yolobot/models/person_standing/meshes) by extension 'python'
[1.066s] Level 1:colcon.colcon_core.package_identification:_identify(src/yolobot/models/person_standing/meshes) by extensions ['python_setup_py']
[1.066s] Level 1:colcon.colcon_core.package_identification:_identify(src/yolobot/models/person_standing/meshes) by extension 'python_setup_py'
[1.066s] Level 1:colcon.colcon_core.package_identification:_identify(src/yolobot/src) by extensions ['ignore', 'ignore_ament_install']
[1.066s] Level 1:colcon.colcon_core.package_identification:_identify(src/yolobot/src) by extension 'ignore'
[1.066s] Level 1:colcon.colcon_core.package_identification:_identify(src/yolobot/src) by extension 'ignore_ament_install'
[1.067s] Level 1:colcon.colcon_core.package_identification:_identify(src/yolobot/src) by extensions ['colcon_pkg']
[1.067s] Level 1:colcon.colcon_core.package_identification:_identify(src/yolobot/src) by extension 'colcon_pkg'
[1.067s] Level 1:colcon.colcon_core.package_identification:_identify(src/yolobot/src) by extensions ['colcon_meta']
[1.067s] Level 1:colcon.colcon_core.package_identification:_identify(src/yolobot/src) by extension 'colcon_meta'
[1.067s] Level 1:colcon.colcon_core.package_identification:_identify(src/yolobot/src) by extensions ['ros']
[1.067s] Level 1:colcon.colcon_core.package_identification:_identify(src/yolobot/src) by extension 'ros'
[1.067s] Level 1:colcon.colcon_core.package_identification:_identify(src/yolobot/src) by extensions ['cmake', 'python']
[1.067s] Level 1:colcon.colcon_core.package_identification:_identify(src/yolobot/src) by extension 'cmake'
[1.067s] Level 1:colcon.colcon_core.package_identification:_identify(src/yolobot/src) by extension 'python'
[1.067s] Level 1:colcon.colcon_core.package_identification:_identify(src/yolobot/src) by extensions ['python_setup_py']
[1.067s] Level 1:colcon.colcon_core.package_identification:_identify(src/yolobot/src) by extension 'python_setup_py'
[1.067s] Level 1:colcon.colcon_core.package_identification:_identify(src/yolobot/src/yolobot_control) by extensions ['ignore', 'ignore_ament_install']
[1.067s] Level 1:colcon.colcon_core.package_identification:_identify(src/yolobot/src/yolobot_control) by extension 'ignore'
[1.067s] Level 1:colcon.colcon_core.package_identification:_identify(src/yolobot/src/yolobot_control) by extension 'ignore_ament_install'
[1.067s] Level 1:colcon.colcon_core.package_identification:_identify(src/yolobot/src/yolobot_control) by extensions ['colcon_pkg']
[1.067s] Level 1:colcon.colcon_core.package_identification:_identify(src/yolobot/src/yolobot_control) by extension 'colcon_pkg'
[1.068s] Level 1:colcon.colcon_core.package_identification:_identify(src/yolobot/src/yolobot_control) by extensions ['colcon_meta']
[1.068s] Level 1:colcon.colcon_core.package_identification:_identify(src/yolobot/src/yolobot_control) by extension 'colcon_meta'
[1.068s] Level 1:colcon.colcon_core.package_identification:_identify(src/yolobot/src/yolobot_control) by extensions ['ros']
[1.068s] Level 1:colcon.colcon_core.package_identification:_identify(src/yolobot/src/yolobot_control) by extension 'ros'
[1.080s] DEBUG:colcon.colcon_core.package_identification:Package 'src/yolobot/src/yolobot_control' with type 'ros.ament_cmake' and name 'yolobot_control'
[1.080s] Level 1:colcon.colcon_core.package_identification:_identify(src/yolobot/src/yolobot_description) by extensions ['ignore', 'ignore_ament_install']
[1.080s] Level 1:colcon.colcon_core.package_identification:_identify(src/yolobot/src/yolobot_description) by extension 'ignore'
[1.080s] Level 1:colcon.colcon_core.package_identification:_identify(src/yolobot/src/yolobot_description) by extension 'ignore_ament_install'
[1.080s] Level 1:colcon.colcon_core.package_identification:_identify(src/yolobot/src/yolobot_description) by extensions ['colcon_pkg']
[1.080s] Level 1:colcon.colcon_core.package_identification:_identify(src/yolobot/src/yolobot_description) by extension 'colcon_pkg'
[1.080s] Level 1:colcon.colcon_core.package_identification:_identify(src/yolobot/src/yolobot_description) by extensions ['colcon_meta']
[1.081s] Level 1:colcon.colcon_core.package_identification:_identify(src/yolobot/src/yolobot_description) by extension 'colcon_meta'
[1.081s] Level 1:colcon.colcon_core.package_identification:_identify(src/yolobot/src/yolobot_description) by extensions ['ros']
[1.081s] Level 1:colcon.colcon_core.package_identification:_identify(src/yolobot/src/yolobot_description) by extension 'ros'
[1.082s] DEBUG:colcon.colcon_core.package_identification:Package 'src/yolobot/src/yolobot_description' with type 'ros.ament_cmake' and name 'yolobot_description'
[1.083s] Level 1:colcon.colcon_core.package_identification:_identify(src/yolobot/src/yolobot_gazebo) by extensions ['ignore', 'ignore_ament_install']
[1.083s] Level 1:colcon.colcon_core.package_identification:_identify(src/yolobot/src/yolobot_gazebo) by extension 'ignore'
[1.083s] Level 1:colcon.colcon_core.package_identification:_identify(src/yolobot/src/yolobot_gazebo) by extension 'ignore_ament_install'
[1.083s] Level 1:colcon.colcon_core.package_identification:_identify(src/yolobot/src/yolobot_gazebo) by extensions ['colcon_pkg']
[1.083s] Level 1:colcon.colcon_core.package_identification:_identify(src/yolobot/src/yolobot_gazebo) by extension 'colcon_pkg'
[1.083s] Level 1:colcon.colcon_core.package_identification:_identify(src/yolobot/src/yolobot_gazebo) by extensions ['colcon_meta']
[1.083s] Level 1:colcon.colcon_core.package_identification:_identify(src/yolobot/src/yolobot_gazebo) by extension 'colcon_meta'
[1.083s] Level 1:colcon.colcon_core.package_identification:_identify(src/yolobot/src/yolobot_gazebo) by extensions ['ros']
[1.083s] Level 1:colcon.colcon_core.package_identification:_identify(src/yolobot/src/yolobot_gazebo) by extension 'ros'
[1.091s] DEBUG:colcon.colcon_core.package_identification:Package 'src/yolobot/src/yolobot_gazebo' with type 'ros.ament_cmake' and name 'yolobot_gazebo'
[1.091s] Level 1:colcon.colcon_core.package_identification:_identify(src/yolobot/src/yolobot_recognition) by extensions ['ignore', 'ignore_ament_install']
[1.091s] Level 1:colcon.colcon_core.package_identification:_identify(src/yolobot/src/yolobot_recognition) by extension 'ignore'
[1.091s] Level 1:colcon.colcon_core.package_identification:_identify(src/yolobot/src/yolobot_recognition) by extension 'ignore_ament_install'
[1.091s] Level 1:colcon.colcon_core.package_identification:_identify(src/yolobot/src/yolobot_recognition) by extensions ['colcon_pkg']
[1.091s] Level 1:colcon.colcon_core.package_identification:_identify(src/yolobot/src/yolobot_recognition) by extension 'colcon_pkg'
[1.091s] Level 1:colcon.colcon_core.package_identification:_identify(src/yolobot/src/yolobot_recognition) by extensions ['colcon_meta']
[1.091s] Level 1:colcon.colcon_core.package_identification:_identify(src/yolobot/src/yolobot_recognition) by extension 'colcon_meta'
[1.091s] Level 1:colcon.colcon_core.package_identification:_identify(src/yolobot/src/yolobot_recognition) by extensions ['ros']
[1.091s] Level 1:colcon.colcon_core.package_identification:_identify(src/yolobot/src/yolobot_recognition) by extension 'ros'
[1.097s] DEBUG:colcon.colcon_core.package_identification:Package 'src/yolobot/src/yolobot_recognition' with type 'ros.ament_cmake' and name 'yolobot_recognition'
[1.097s] Level 1:colcon.colcon_core.package_identification:_identify(src/yolobot/src/yolov8_msgs) by extensions ['ignore', 'ignore_ament_install']
[1.097s] Level 1:colcon.colcon_core.package_identification:_identify(src/yolobot/src/yolov8_msgs) by extension 'ignore'
[1.097s] Level 1:colcon.colcon_core.package_identification:_identify(src/yolobot/src/yolov8_msgs) by extension 'ignore_ament_install'
[1.097s] Level 1:colcon.colcon_core.package_identification:_identify(src/yolobot/src/yolov8_msgs) by extensions ['colcon_pkg']
[1.097s] Level 1:colcon.colcon_core.package_identification:_identify(src/yolobot/src/yolov8_msgs) by extension 'colcon_pkg'
[1.098s] Level 1:colcon.colcon_core.package_identification:_identify(src/yolobot/src/yolov8_msgs) by extensions ['colcon_meta']
[1.098s] Level 1:colcon.colcon_core.package_identification:_identify(src/yolobot/src/yolov8_msgs) by extension 'colcon_meta'
[1.098s] Level 1:colcon.colcon_core.package_identification:_identify(src/yolobot/src/yolov8_msgs) by extensions ['ros']
[1.098s] Level 1:colcon.colcon_core.package_identification:_identify(src/yolobot/src/yolov8_msgs) by extension 'ros'
[1.108s] DEBUG:colcon.colcon_core.package_identification:Package 'src/yolobot/src/yolov8_msgs' with type 'ros.ament_cmake' and name 'yolov8_msgs'
[1.108s] Level 1:colcon.colcon_core.package_discovery:discover_packages(recursive) using defaults
[1.108s] Level 1:colcon.colcon_core.package_discovery:discover_packages(ignore) discover
[1.108s] Level 1:colcon.colcon_core.package_discovery:discover_packages(ignore) using defaults
[1.108s] Level 1:colcon.colcon_core.package_discovery:discover_packages(path) discover
[1.108s] Level 1:colcon.colcon_core.package_discovery:discover_packages(path) using defaults
[1.233s] Level 5:colcon.colcon_core.verb:set package 'relbot_video_interface' build argument 'cmake_args' from command line to 'None'
[1.233s] Level 5:colcon.colcon_core.verb:set package 'relbot_video_interface' build argument 'cmake_target' from command line to 'None'
[1.233s] Level 5:colcon.colcon_core.verb:set package 'relbot_video_interface' build argument 'cmake_target_skip_unavailable' from command line to 'False'
[1.233s] Level 5:colcon.colcon_core.verb:set package 'relbot_video_interface' build argument 'cmake_clean_cache' from command line to 'False'
[1.233s] Level 5:colcon.colcon_core.verb:set package 'relbot_video_interface' build argument 'cmake_clean_first' from command line to 'False'
[1.233s] Level 5:colcon.colcon_core.verb:set package 'relbot_video_interface' build argument 'cmake_force_configure' from command line to 'False'
[1.233s] Level 5:colcon.colcon_core.verb:set package 'relbot_video_interface' build argument 'ament_cmake_args' from command line to 'None'
[1.233s] Level 5:colcon.colcon_core.verb:set package 'relbot_video_interface' build argument 'catkin_cmake_args' from command line to 'None'
[1.233s] Level 5:colcon.colcon_core.verb:set package 'relbot_video_interface' build argument 'catkin_skip_building_tests' from command line to 'False'
[1.233s] DEBUG:colcon.colcon_core.verb:Building package 'relbot_video_interface' with the following arguments: {'ament_cmake_args': None, 'build_base': '/ai4r_ws/build/relbot_video_interface', 'catkin_cmake_args': None, 'catkin_skip_building_tests': False, 'cmake_args': None, 'cmake_clean_cache': False, 'cmake_clean_first': False, 'cmake_force_configure': False, 'cmake_target': None, 'cmake_target_skip_unavailable': False, 'install_base': '/ai4r_ws/install/relbot_video_interface', 'merge_install': False, 'path': '/ai4r_ws/src/relbot_video_interface', 'symlink_install': False, 'test_result_base': None}
[1.234s] Level 5:colcon.colcon_core.verb:set package 'yolobot_control' build argument 'cmake_args' from command line to 'None'
[1.234s] Level 5:colcon.colcon_core.verb:set package 'yolobot_control' build argument 'cmake_target' from command line to 'None'
[1.234s] Level 5:colcon.colcon_core.verb:set package 'yolobot_control' build argument 'cmake_target_skip_unavailable' from command line to 'False'
[1.234s] Level 5:colcon.colcon_core.verb:set package 'yolobot_control' build argument 'cmake_clean_cache' from command line to 'False'
[1.234s] Level 5:colcon.colcon_core.verb:set package 'yolobot_control' build argument 'cmake_clean_first' from command line to 'False'
[1.234s] Level 5:colcon.colcon_core.verb:set package 'yolobot_control' build argument 'cmake_force_configure' from command line to 'False'
[1.234s] Level 5:colcon.colcon_core.verb:set package 'yolobot_control' build argument 'ament_cmake_args' from command line to 'None'
[1.234s] Level 5:colcon.colcon_core.verb:set package 'yolobot_control' build argument 'catkin_cmake_args' from command line to 'None'
[1.234s] Level 5:colcon.colcon_core.verb:set package 'yolobot_control' build argument 'catkin_skip_building_tests' from command line to 'False'
[1.234s] DEBUG:colcon.colcon_core.verb:Building package 'yolobot_control' with the following arguments: {'ament_cmake_args': None, 'build_base': '/ai4r_ws/build/yolobot_control', 'catkin_cmake_args': None, 'catkin_skip_building_tests': False, 'cmake_args': None, 'cmake_clean_cache': False, 'cmake_clean_first': False, 'cmake_force_configure': False, 'cmake_target': None, 'cmake_target_skip_unavailable': False, 'install_base': '/ai4r_ws/install/yolobot_control', 'merge_install': False, 'path': '/ai4r_ws/src/yolobot/src/yolobot_control', 'symlink_install': False, 'test_result_base': None}
[1.234s] Level 5:colcon.colcon_core.verb:set package 'yolobot_description' build argument 'cmake_args' from command line to 'None'
[1.234s] Level 5:colcon.colcon_core.verb:set package 'yolobot_description' build argument 'cmake_target' from command line to 'None'
[1.234s] Level 5:colcon.colcon_core.verb:set package 'yolobot_description' build argument 'cmake_target_skip_unavailable' from command line to 'False'
[1.234s] Level 5:colcon.colcon_core.verb:set package 'yolobot_description' build argument 'cmake_clean_cache' from command line to 'False'
[1.234s] Level 5:colcon.colcon_core.verb:set package 'yolobot_description' build argument 'cmake_clean_first' from command line to 'False'
[1.234s] Level 5:colcon.colcon_core.verb:set package 'yolobot_description' build argument 'cmake_force_configure' from command line to 'False'
[1.234s] Level 5:colcon.colcon_core.verb:set package 'yolobot_description' build argument 'ament_cmake_args' from command line to 'None'
[1.234s] Level 5:colcon.colcon_core.verb:set package 'yolobot_description' build argument 'catkin_cmake_args' from command line to 'None'
[1.234s] Level 5:colcon.colcon_core.verb:set package 'yolobot_description' build argument 'catkin_skip_building_tests' from command line to 'False'
[1.234s] DEBUG:colcon.colcon_core.verb:Building package 'yolobot_description' with the following arguments: {'ament_cmake_args': None, 'build_base': '/ai4r_ws/build/yolobot_description', 'catkin_cmake_args': None, 'catkin_skip_building_tests': False, 'cmake_args': None, 'cmake_clean_cache': False, 'cmake_clean_first': False, 'cmake_force_configure': False, 'cmake_target': None, 'cmake_target_skip_unavailable': False, 'install_base': '/ai4r_ws/install/yolobot_description', 'merge_install': False, 'path': '/ai4r_ws/src/yolobot/src/yolobot_description', 'symlink_install': False, 'test_result_base': None}
[1.235s] Level 5:colcon.colcon_core.verb:set package 'yolobot_gazebo' build argument 'cmake_args' from command line to 'None'
[1.235s] Level 5:colcon.colcon_core.verb:set package 'yolobot_gazebo' build argument 'cmake_target' from command line to 'None'
[1.235s] Level 5:colcon.colcon_core.verb:set package 'yolobot_gazebo' build argument 'cmake_target_skip_unavailable' from command line to 'False'
[1.235s] Level 5:colcon.colcon_core.verb:set package 'yolobot_gazebo' build argument 'cmake_clean_cache' from command line to 'False'
[1.235s] Level 5:colcon.colcon_core.verb:set package 'yolobot_gazebo' build argument 'cmake_clean_first' from command line to 'False'
[1.235s] Level 5:colcon.colcon_core.verb:set package 'yolobot_gazebo' build argument 'cmake_force_configure' from command line to 'False'
[1.235s] Level 5:colcon.colcon_core.verb:set package 'yolobot_gazebo' build argument 'ament_cmake_args' from command line to 'None'
[1.235s] Level 5:colcon.colcon_core.verb:set package 'yolobot_gazebo' build argument 'catkin_cmake_args' from command line to 'None'
[1.235s] Level 5:colcon.colcon_core.verb:set package 'yolobot_gazebo' build argument 'catkin_skip_building_tests' from command line to 'False'
[1.235s] DEBUG:colcon.colcon_core.verb:Building package 'yolobot_gazebo' with the following arguments: {'ament_cmake_args': None, 'build_base': '/ai4r_ws/build/yolobot_gazebo', 'catkin_cmake_args': None, 'catkin_skip_building_tests': False, 'cmake_args': None, 'cmake_clean_cache': False, 'cmake_clean_first': False, 'cmake_force_configure': False, 'cmake_target': None, 'cmake_target_skip_unavailable': False, 'install_base': '/ai4r_ws/install/yolobot_gazebo', 'merge_install': False, 'path': '/ai4r_ws/src/yolobot/src/yolobot_gazebo', 'symlink_install': False, 'test_result_base': None}
[1.238s] Level 5:colcon.colcon_core.verb:set package 'yolobot_recognition' build argument 'cmake_args' from command line to 'None'
[1.239s] Level 5:colcon.colcon_core.verb:set package 'yolobot_recognition' build argument 'cmake_target' from command line to 'None'
[1.239s] Level 5:colcon.colcon_core.verb:set package 'yolobot_recognition' build argument 'cmake_target_skip_unavailable' from command line to 'False'
[1.239s] Level 5:colcon.colcon_core.verb:set package 'yolobot_recognition' build argument 'cmake_clean_cache' from command line to 'False'
[1.239s] Level 5:colcon.colcon_core.verb:set package 'yolobot_recognition' build argument 'cmake_clean_first' from command line to 'False'
[1.239s] Level 5:colcon.colcon_core.verb:set package 'yolobot_recognition' build argument 'cmake_force_configure' from command line to 'False'
[1.239s] Level 5:colcon.colcon_core.verb:set package 'yolobot_recognition' build argument 'ament_cmake_args' from command line to 'None'
[1.239s] Level 5:colcon.colcon_core.verb:set package 'yolobot_recognition' build argument 'catkin_cmake_args' from command line to 'None'
[1.239s] Level 5:colcon.colcon_core.verb:set package 'yolobot_recognition' build argument 'catkin_skip_building_tests' from command line to 'False'
[1.239s] DEBUG:colcon.colcon_core.verb:Building package 'yolobot_recognition' with the following arguments: {'ament_cmake_args': None, 'build_base': '/ai4r_ws/build/yolobot_recognition', 'catkin_cmake_args': None, 'catkin_skip_building_tests': False, 'cmake_args': None, 'cmake_clean_cache': False, 'cmake_clean_first': False, 'cmake_force_configure': False, 'cmake_target': None, 'cmake_target_skip_unavailable': False, 'install_base': '/ai4r_ws/install/yolobot_recognition', 'merge_install': False, 'path': '/ai4r_ws/src/yolobot/src/yolobot_recognition', 'symlink_install': False, 'test_result_base': None}
[1.239s] Level 5:colcon.colcon_core.verb:set package 'yolov8_msgs' build argument 'cmake_args' from command line to 'None'
[1.239s] Level 5:colcon.colcon_core.verb:set package 'yolov8_msgs' build argument 'cmake_target' from command line to 'None'
[1.239s] Level 5:colcon.colcon_core.verb:set package 'yolov8_msgs' build argument 'cmake_target_skip_unavailable' from command line to 'False'
[1.239s] Level 5:colcon.colcon_core.verb:set package 'yolov8_msgs' build argument 'cmake_clean_cache' from command line to 'False'
[1.239s] Level 5:colcon.colcon_core.verb:set package 'yolov8_msgs' build argument 'cmake_clean_first' from command line to 'False'
[1.239s] Level 5:colcon.colcon_core.verb:set package 'yolov8_msgs' build argument 'cmake_force_configure' from command line to 'False'
[1.239s] Level 5:colcon.colcon_core.verb:set package 'yolov8_msgs' build argument 'ament_cmake_args' from command line to 'None'
[1.239s] Level 5:colcon.colcon_core.verb:set package 'yolov8_msgs' build argument 'catkin_cmake_args' from command line to 'None'
[1.239s] Level 5:colcon.colcon_core.verb:set package 'yolov8_msgs' build argument 'catkin_skip_building_tests' from command line to 'False'
[1.240s] DEBUG:colcon.colcon_core.verb:Building package 'yolov8_msgs' with the following arguments: {'ament_cmake_args': None, 'build_base': '/ai4r_ws/build/yolov8_msgs', 'catkin_cmake_args': None, 'catkin_skip_building_tests': False, 'cmake_args': None, 'cmake_clean_cache': False, 'cmake_clean_first': False, 'cmake_force_configure': False, 'cmake_target': None, 'cmake_target_skip_unavailable': False, 'install_base': '/ai4r_ws/install/yolov8_msgs', 'merge_install': False, 'path': '/ai4r_ws/src/yolobot/src/yolov8_msgs', 'symlink_install': False, 'test_result_base': None}
[1.240s] INFO:colcon.colcon_core.executor:Executing jobs using 'parallel' executor
[1.243s] DEBUG:colcon.colcon_parallel_executor.executor.parallel:run_until_complete
[1.247s] INFO:colcon.colcon_ros.task.ament_python.build:Building ROS package in '/ai4r_ws/src/relbot_video_interface' with build type 'ament_python'
[1.247s] Level 1:colcon.colcon_core.shell:create_environment_hook('relbot_video_interface', 'ament_prefix_path')
[1.251s] INFO:colcon.colcon_core.plugin_system:Skipping extension 'colcon_core.shell.bat': Not used on non-Windows systems
[1.251s] INFO:colcon.colcon_core.shell:Creating environment hook '/ai4r_ws/install/relbot_video_interface/share/relbot_video_interface/hook/ament_prefix_path.ps1'
[1.255s] INFO:colcon.colcon_core.shell:Creating environment descriptor '/ai4r_ws/install/relbot_video_interface/share/relbot_video_interface/hook/ament_prefix_path.dsv'
[1.256s] INFO:colcon.colcon_core.shell:Creating environment hook '/ai4r_ws/install/relbot_video_interface/share/relbot_video_interface/hook/ament_prefix_path.sh'
[1.257s] INFO:colcon.colcon_core.shell:Skip shell extension 'powershell' for command environment: Not usable outside of PowerShell
[1.257s] DEBUG:colcon.colcon_core.shell:Skip shell extension 'dsv' for command environment
[1.273s] INFO:colcon.colcon_ros.task.ament_cmake.build:Building ROS package in '/ai4r_ws/src/yolobot/src/yolobot_control' with build type 'ament_cmake'
[1.277s] INFO:colcon.colcon_cmake.task.cmake.build:Building CMake package in '/ai4r_ws/src/yolobot/src/yolobot_control'
[1.278s] INFO:colcon.colcon_core.shell:Skip shell extension 'powershell' for command environment: Not usable outside of PowerShell
[1.278s] DEBUG:colcon.colcon_core.shell:Skip shell extension 'dsv' for command environment
[1.285s] INFO:colcon.colcon_ros.task.ament_cmake.build:Building ROS package in '/ai4r_ws/src/yolobot/src/yolobot_description' with build type 'ament_cmake'
[1.286s] INFO:colcon.colcon_cmake.task.cmake.build:Building CMake package in '/ai4r_ws/src/yolobot/src/yolobot_description'
[1.286s] INFO:colcon.colcon_core.shell:Skip shell extension 'powershell' for command environment: Not usable outside of PowerShell
[1.286s] DEBUG:colcon.colcon_core.shell:Skip shell extension 'dsv' for command environment
[1.308s] INFO:colcon.colcon_ros.task.ament_cmake.build:Building ROS package in '/ai4r_ws/src/yolobot/src/yolobot_gazebo' with build type 'ament_cmake'
[1.309s] INFO:colcon.colcon_cmake.task.cmake.build:Building CMake package in '/ai4r_ws/src/yolobot/src/yolobot_gazebo'
[1.309s] INFO:colcon.colcon_core.shell:Skip shell extension 'powershell' for command environment: Not usable outside of PowerShell
[1.309s] DEBUG:colcon.colcon_core.shell:Skip shell extension 'dsv' for command environment
[1.318s] INFO:colcon.colcon_ros.task.ament_cmake.build:Building ROS package in '/ai4r_ws/src/yolobot/src/yolobot_recognition' with build type 'ament_cmake'
[1.319s] INFO:colcon.colcon_cmake.task.cmake.build:Building CMake package in '/ai4r_ws/src/yolobot/src/yolobot_recognition'
[1.319s] INFO:colcon.colcon_core.shell:Skip shell extension 'powershell' for command environment: Not usable outside of PowerShell
[1.319s] DEBUG:colcon.colcon_core.shell:Skip shell extension 'dsv' for command environment
[1.336s] INFO:colcon.colcon_ros.task.ament_cmake.build:Building ROS package in '/ai4r_ws/src/yolobot/src/yolov8_msgs' with build type 'ament_cmake'
[1.336s] INFO:colcon.colcon_cmake.task.cmake.build:Building CMake package in '/ai4r_ws/src/yolobot/src/yolov8_msgs'
[1.337s] INFO:colcon.colcon_core.shell:Skip shell extension 'powershell' for command environment: Not usable outside of PowerShell
[1.337s] DEBUG:colcon.colcon_core.shell:Skip shell extension 'dsv' for command environment
[2.904s] INFO:colcon.colcon_core.task.python.build:Building Python package in '/ai4r_ws/src/relbot_video_interface'
[2.904s] INFO:colcon.colcon_core.shell:Skip shell extension 'powershell' for command environment: Not usable outside of PowerShell
[2.905s] DEBUG:colcon.colcon_core.shell:Skip shell extension 'dsv' for command environment
[2.967s] DEBUG:colcon.colcon_core.event_handler.log_command:Invoking command in '/ai4r_ws/build/yolobot_control': CMAKE_PREFIX_PATH=${CMAKE_PREFIX_PATH}:/opt/ros/jazzy /usr/bin/cmake /ai4r_ws/src/yolobot/src/yolobot_control -DCMAKE_INSTALL_PREFIX=/ai4r_ws/install/yolobot_control
[3.001s] DEBUG:colcon.colcon_core.event_handler.log_command:Invoking command in '/ai4r_ws/build/yolobot_description': CMAKE_PREFIX_PATH=${CMAKE_PREFIX_PATH}:/opt/ros/jazzy /usr/bin/cmake /ai4r_ws/src/yolobot/src/yolobot_description -DCMAKE_INSTALL_PREFIX=/ai4r_ws/install/yolobot_description
[3.008s] DEBUG:colcon.colcon_core.event_handler.log_command:Invoking command in '/ai4r_ws/build/yolobot_gazebo': CMAKE_PREFIX_PATH=${CMAKE_PREFIX_PATH}:/opt/ros/jazzy /usr/bin/cmake /ai4r_ws/src/yolobot/src/yolobot_gazebo -DCMAKE_INSTALL_PREFIX=/ai4r_ws/install/yolobot_gazebo
[3.011s] DEBUG:colcon.colcon_core.event_handler.log_command:Invoking command in '/ai4r_ws/build/yolobot_recognition': CMAKE_PREFIX_PATH=${CMAKE_PREFIX_PATH}:/opt/ros/jazzy /usr/bin/cmake /ai4r_ws/src/yolobot/src/yolobot_recognition -DCMAKE_INSTALL_PREFIX=/ai4r_ws/install/yolobot_recognition
[3.061s] DEBUG:colcon.colcon_core.event_handler.log_command:Invoking command in '/ai4r_ws/build/yolov8_msgs': CMAKE_PREFIX_PATH=${CMAKE_PREFIX_PATH}:/opt/ros/jazzy /usr/bin/cmake /ai4r_ws/src/yolobot/src/yolov8_msgs -DCMAKE_INSTALL_PREFIX=/ai4r_ws/install/yolov8_msgs
[5.940s] DEBUG:colcon.colcon_core.event_handler.log_command:Invoking command in '/ai4r_ws/src/relbot_video_interface': PYTHONPATH=/ai4r_ws/build/relbot_video_interface/prefix_override:/usr/lib/python3/dist-packages/colcon_core/task/python/colcon_distutils_commands:/ai4r_ws/install/relbot_video_interface/lib/python3.12/site-packages:${PYTHONPATH} /usr/bin/python3 -W ignore:setup.py install is deprecated -W ignore:easy_install command is deprecated setup.py egg_info --egg-base ../../build/relbot_video_interface build --build-base /ai4r_ws/build/relbot_video_interface/build install --record /ai4r_ws/build/relbot_video_interface/install.log --single-version-externally-managed install_data
[7.420s] DEBUG:colcon.colcon_core.event_handler.log_command:Invoked command in '/ai4r_ws/build/yolobot_gazebo' returned '0': CMAKE_PREFIX_PATH=${CMAKE_PREFIX_PATH}:/opt/ros/jazzy /usr/bin/cmake /ai4r_ws/src/yolobot/src/yolobot_gazebo -DCMAKE_INSTALL_PREFIX=/ai4r_ws/install/yolobot_gazebo
[7.423s] DEBUG:colcon.colcon_core.event_handler.log_command:Invoking command in '/ai4r_ws/build/yolobot_gazebo': CMAKE_PREFIX_PATH=${CMAKE_PREFIX_PATH}:/opt/ros/jazzy /usr/bin/cmake --build /ai4r_ws/build/yolobot_gazebo -- -j12 -l12
[7.618s] DEBUG:colcon.colcon_core.event_handler.log_command:Invoked command in '/ai4r_ws/build/yolobot_gazebo' returned '0': CMAKE_PREFIX_PATH=${CMAKE_PREFIX_PATH}:/opt/ros/jazzy /usr/bin/cmake --build /ai4r_ws/build/yolobot_gazebo -- -j12 -l12
[7.652s] DEBUG:colcon.colcon_core.event_handler.log_command:Invoking command in '/ai4r_ws/build/yolobot_gazebo': CMAKE_PREFIX_PATH=${CMAKE_PREFIX_PATH}:/opt/ros/jazzy /usr/bin/cmake --install /ai4r_ws/build/yolobot_gazebo
[7.743s] Level 1:colcon.colcon_core.environment:create_environment_scripts_only(yolobot_gazebo)
[7.744s] DEBUG:colcon.colcon_core.event_handler.log_command:Invoked command in '/ai4r_ws/build/yolobot_gazebo' returned '0': CMAKE_PREFIX_PATH=${CMAKE_PREFIX_PATH}:/opt/ros/jazzy /usr/bin/cmake --install /ai4r_ws/build/yolobot_gazebo
[7.749s] Level 1:colcon.colcon_core.environment:checking '/ai4r_ws/install/yolobot_gazebo' for CMake module files
[7.750s] Level 1:colcon.colcon_core.environment:checking '/ai4r_ws/install/yolobot_gazebo' for CMake config files
[7.750s] Level 1:colcon.colcon_core.shell:create_environment_hook('yolobot_gazebo', 'cmake_prefix_path')
[7.751s] INFO:colcon.colcon_core.shell:Creating environment hook '/ai4r_ws/install/yolobot_gazebo/share/yolobot_gazebo/hook/cmake_prefix_path.ps1'
[7.752s] INFO:colcon.colcon_core.shell:Creating environment descriptor '/ai4r_ws/install/yolobot_gazebo/share/yolobot_gazebo/hook/cmake_prefix_path.dsv'
[7.752s] INFO:colcon.colcon_core.shell:Creating environment hook '/ai4r_ws/install/yolobot_gazebo/share/yolobot_gazebo/hook/cmake_prefix_path.sh'
[7.762s] Level 1:colcon.colcon_core.environment:checking '/ai4r_ws/install/yolobot_gazebo/bin'
[7.763s] Level 1:colcon.colcon_core.environment:checking '/ai4r_ws/install/yolobot_gazebo/lib/pkgconfig/yolobot_gazebo.pc'
[7.763s] Level 1:colcon.colcon_core.environment:checking '/ai4r_ws/install/yolobot_gazebo/lib/python3.12/site-packages'
[7.763s] Level 1:colcon.colcon_core.environment:checking '/ai4r_ws/install/yolobot_gazebo/bin'
[7.764s] INFO:colcon.colcon_core.shell:Creating package script '/ai4r_ws/install/yolobot_gazebo/share/yolobot_gazebo/package.ps1'
[7.765s] INFO:colcon.colcon_core.shell:Creating package descriptor '/ai4r_ws/install/yolobot_gazebo/share/yolobot_gazebo/package.dsv'
[7.773s] INFO:colcon.colcon_core.shell:Creating package script '/ai4r_ws/install/yolobot_gazebo/share/yolobot_gazebo/package.sh'
[7.774s] INFO:colcon.colcon_core.shell:Creating package script '/ai4r_ws/install/yolobot_gazebo/share/yolobot_gazebo/package.bash'
[7.776s] INFO:colcon.colcon_core.shell:Creating package script '/ai4r_ws/install/yolobot_gazebo/share/yolobot_gazebo/package.zsh'
[7.779s] Level 1:colcon.colcon_core.environment:create_file_with_runtime_dependencies(/ai4r_ws/install/yolobot_gazebo/share/colcon-core/packages/yolobot_gazebo)
[7.780s] Level 1:colcon.colcon_core.environment:create_environment_scripts_only(yolobot_gazebo)
[7.780s] Level 1:colcon.colcon_core.environment:checking '/ai4r_ws/install/yolobot_gazebo' for CMake module files
[7.781s] Level 1:colcon.colcon_core.environment:checking '/ai4r_ws/install/yolobot_gazebo' for CMake config files
[7.782s] Level 1:colcon.colcon_core.shell:create_environment_hook('yolobot_gazebo', 'cmake_prefix_path')
[7.782s] INFO:colcon.colcon_core.shell:Creating environment hook '/ai4r_ws/install/yolobot_gazebo/share/yolobot_gazebo/hook/cmake_prefix_path.ps1'
[7.791s] INFO:colcon.colcon_core.shell:Creating environment descriptor '/ai4r_ws/install/yolobot_gazebo/share/yolobot_gazebo/hook/cmake_prefix_path.dsv'
[7.792s] INFO:colcon.colcon_core.shell:Creating environment hook '/ai4r_ws/install/yolobot_gazebo/share/yolobot_gazebo/hook/cmake_prefix_path.sh'
[7.793s] Level 1:colcon.colcon_core.environment:checking '/ai4r_ws/install/yolobot_gazebo/bin'
[7.793s] Level 1:colcon.colcon_core.environment:checking '/ai4r_ws/install/yolobot_gazebo/lib/pkgconfig/yolobot_gazebo.pc'
[7.793s] Level 1:colcon.colcon_core.environment:checking '/ai4r_ws/install/yolobot_gazebo/lib/python3.12/site-packages'
[7.797s] Level 1:colcon.colcon_core.environment:checking '/ai4r_ws/install/yolobot_gazebo/bin'
[7.798s] INFO:colcon.colcon_core.shell:Creating package script '/ai4r_ws/install/yolobot_gazebo/share/yolobot_gazebo/package.ps1'
[7.801s] INFO:colcon.colcon_core.shell:Creating package descriptor '/ai4r_ws/install/yolobot_gazebo/share/yolobot_gazebo/package.dsv'
[7.802s] INFO:colcon.colcon_core.shell:Creating package script '/ai4r_ws/install/yolobot_gazebo/share/yolobot_gazebo/package.sh'
[7.803s] INFO:colcon.colcon_core.shell:Creating package script '/ai4r_ws/install/yolobot_gazebo/share/yolobot_gazebo/package.bash'
[7.804s] INFO:colcon.colcon_core.shell:Creating package script '/ai4r_ws/install/yolobot_gazebo/share/yolobot_gazebo/package.zsh'
[7.808s] Level 1:colcon.colcon_core.environment:create_file_with_runtime_dependencies(/ai4r_ws/install/yolobot_gazebo/share/colcon-core/packages/yolobot_gazebo)
[7.838s] DEBUG:colcon.colcon_core.event_handler.log_command:Invoked command in '/ai4r_ws/build/yolobot_recognition' returned '0': CMAKE_PREFIX_PATH=${CMAKE_PREFIX_PATH}:/opt/ros/jazzy /usr/bin/cmake /ai4r_ws/src/yolobot/src/yolobot_recognition -DCMAKE_INSTALL_PREFIX=/ai4r_ws/install/yolobot_recognition
[7.838s] DEBUG:colcon.colcon_core.event_handler.log_command:Invoking command in '/ai4r_ws/build/yolobot_recognition': CMAKE_PREFIX_PATH=${CMAKE_PREFIX_PATH}:/opt/ros/jazzy /usr/bin/cmake --build /ai4r_ws/build/yolobot_recognition -- -j12 -l12
[8.007s] DEBUG:colcon.colcon_core.event_handler.log_command:Invoked command in '/ai4r_ws/build/yolobot_recognition' returned '0': CMAKE_PREFIX_PATH=${CMAKE_PREFIX_PATH}:/opt/ros/jazzy /usr/bin/cmake --build /ai4r_ws/build/yolobot_recognition -- -j12 -l12
[8.007s] DEBUG:colcon.colcon_core.event_handler.log_command:Invoking command in '/ai4r_ws/build/yolobot_recognition': CMAKE_PREFIX_PATH=${CMAKE_PREFIX_PATH}:/opt/ros/jazzy /usr/bin/cmake --install /ai4r_ws/build/yolobot_recognition
[8.082s] Level 1:colcon.colcon_core.environment:create_environment_scripts_only(yolobot_recognition)
[8.082s] Level 1:colcon.colcon_core.environment:checking '/ai4r_ws/install/yolobot_recognition' for CMake module files
[8.083s] Level 1:colcon.colcon_core.environment:checking '/ai4r_ws/install/yolobot_recognition' for CMake config files
[8.084s] Level 1:colcon.colcon_core.shell:create_environment_hook('yolobot_recognition', 'cmake_prefix_path')
[8.084s] INFO:colcon.colcon_core.shell:Creating environment hook '/ai4r_ws/install/yolobot_recognition/share/yolobot_recognition/hook/cmake_prefix_path.ps1'
[8.085s] INFO:colcon.colcon_core.shell:Creating environment descriptor '/ai4r_ws/install/yolobot_recognition/share/yolobot_recognition/hook/cmake_prefix_path.dsv'
[8.085s] INFO:colcon.colcon_core.shell:Creating environment hook '/ai4r_ws/install/yolobot_recognition/share/yolobot_recognition/hook/cmake_prefix_path.sh'
[8.087s] DEBUG:colcon.colcon_core.event_handler.log_command:Invoked command in '/ai4r_ws/build/yolobot_recognition' returned '0': CMAKE_PREFIX_PATH=${CMAKE_PREFIX_PATH}:/opt/ros/jazzy /usr/bin/cmake --install /ai4r_ws/build/yolobot_recognition
[8.093s] Level 1:colcon.colcon_core.environment:checking '/ai4r_ws/install/yolobot_recognition/lib'
[8.093s] Level 1:colcon.colcon_core.environment:checking '/ai4r_ws/install/yolobot_recognition/bin'
[8.093s] Level 1:colcon.colcon_core.environment:checking '/ai4r_ws/install/yolobot_recognition/lib/pkgconfig/yolobot_recognition.pc'
[8.093s] Level 1:colcon.colcon_core.environment:checking '/ai4r_ws/install/yolobot_recognition/lib/python3.12/site-packages'
[8.094s] Level 1:colcon.colcon_core.environment:checking '/ai4r_ws/install/yolobot_recognition/bin'
[8.094s] INFO:colcon.colcon_core.shell:Creating package script '/ai4r_ws/install/yolobot_recognition/share/yolobot_recognition/package.ps1'
[8.095s] INFO:colcon.colcon_core.shell:Creating package descriptor '/ai4r_ws/install/yolobot_recognition/share/yolobot_recognition/package.dsv'
[8.100s] INFO:colcon.colcon_core.shell:Creating package script '/ai4r_ws/install/yolobot_recognition/share/yolobot_recognition/package.sh'
[8.108s] INFO:colcon.colcon_core.shell:Creating package script '/ai4r_ws/install/yolobot_recognition/share/yolobot_recognition/package.bash'
[8.109s] INFO:colcon.colcon_core.shell:Creating package script '/ai4r_ws/install/yolobot_recognition/share/yolobot_recognition/package.zsh'
[8.109s] Level 1:colcon.colcon_core.environment:create_file_with_runtime_dependencies(/ai4r_ws/install/yolobot_recognition/share/colcon-core/packages/yolobot_recognition)
[8.110s] Level 1:colcon.colcon_core.environment:create_environment_scripts_only(yolobot_recognition)
[8.110s] Level 1:colcon.colcon_core.environment:checking '/ai4r_ws/install/yolobot_recognition' for CMake module files
[8.111s] Level 1:colcon.colcon_core.environment:checking '/ai4r_ws/install/yolobot_recognition' for CMake config files
[8.111s] Level 1:colcon.colcon_core.shell:create_environment_hook('yolobot_recognition', 'cmake_prefix_path')
[8.120s] INFO:colcon.colcon_core.shell:Creating environment hook '/ai4r_ws/install/yolobot_recognition/share/yolobot_recognition/hook/cmake_prefix_path.ps1'
[8.120s] INFO:colcon.colcon_core.shell:Creating environment descriptor '/ai4r_ws/install/yolobot_recognition/share/yolobot_recognition/hook/cmake_prefix_path.dsv'
[8.121s] INFO:colcon.colcon_core.shell:Creating environment hook '/ai4r_ws/install/yolobot_recognition/share/yolobot_recognition/hook/cmake_prefix_path.sh'
[8.122s] Level 1:colcon.colcon_core.environment:checking '/ai4r_ws/install/yolobot_recognition/lib'
[8.122s] Level 1:colcon.colcon_core.environment:checking '/ai4r_ws/install/yolobot_recognition/bin'
[8.122s] Level 1:colcon.colcon_core.environment:checking '/ai4r_ws/install/yolobot_recognition/lib/pkgconfig/yolobot_recognition.pc'
[8.122s] Level 1:colcon.colcon_core.environment:checking '/ai4r_ws/install/yolobot_recognition/lib/python3.12/site-packages'
[8.122s] Level 1:colcon.colcon_core.environment:checking '/ai4r_ws/install/yolobot_recognition/bin'
[8.123s] INFO:colcon.colcon_core.shell:Creating package script '/ai4r_ws/install/yolobot_recognition/share/yolobot_recognition/package.ps1'
[8.141s] INFO:colcon.colcon_core.shell:Creating package descriptor '/ai4r_ws/install/yolobot_recognition/share/yolobot_recognition/package.dsv'
[8.143s] INFO:colcon.colcon_core.shell:Creating package script '/ai4r_ws/install/yolobot_recognition/share/yolobot_recognition/package.sh'
[8.143s] INFO:colcon.colcon_core.shell:Creating package script '/ai4r_ws/install/yolobot_recognition/share/yolobot_recognition/package.bash'
[8.144s] INFO:colcon.colcon_core.shell:Creating package script '/ai4r_ws/install/yolobot_recognition/share/yolobot_recognition/package.zsh'
[8.144s] Level 1:colcon.colcon_core.environment:create_file_with_runtime_dependencies(/ai4r_ws/install/yolobot_recognition/share/colcon-core/packages/yolobot_recognition)
[8.159s] DEBUG:colcon.colcon_core.event_handler.log_command:Invoked command in '/ai4r_ws/build/yolobot_description' returned '0': CMAKE_PREFIX_PATH=${CMAKE_PREFIX_PATH}:/opt/ros/jazzy /usr/bin/cmake /ai4r_ws/src/yolobot/src/yolobot_description -DCMAKE_INSTALL_PREFIX=/ai4r_ws/install/yolobot_description
[8.159s] DEBUG:colcon.colcon_core.event_handler.log_command:Invoking command in '/ai4r_ws/build/yolobot_description': CMAKE_PREFIX_PATH=${CMAKE_PREFIX_PATH}:/opt/ros/jazzy /usr/bin/cmake --build /ai4r_ws/build/yolobot_description -- -j12 -l12
[8.231s] DEBUG:colcon.colcon_core.event_handler.log_command:Invoked command in '/ai4r_ws/build/yolobot_control' returned '0': CMAKE_PREFIX_PATH=${CMAKE_PREFIX_PATH}:/opt/ros/jazzy /usr/bin/cmake /ai4r_ws/src/yolobot/src/yolobot_control -DCMAKE_INSTALL_PREFIX=/ai4r_ws/install/yolobot_control
[8.232s] DEBUG:colcon.colcon_core.event_handler.log_command:Invoking command in '/ai4r_ws/build/yolobot_control': CMAKE_PREFIX_PATH=${CMAKE_PREFIX_PATH}:/opt/ros/jazzy /usr/bin/cmake --build /ai4r_ws/build/yolobot_control -- -j12 -l12
[8.484s] DEBUG:colcon.colcon_core.event_handler.log_command:Invoked command in '/ai4r_ws/build/yolobot_control' returned '0': CMAKE_PREFIX_PATH=${CMAKE_PREFIX_PATH}:/opt/ros/jazzy /usr/bin/cmake --build /ai4r_ws/build/yolobot_control -- -j12 -l12
[8.485s] DEBUG:colcon.colcon_core.event_handler.log_command:Invoking command in '/ai4r_ws/build/yolobot_control': CMAKE_PREFIX_PATH=${CMAKE_PREFIX_PATH}:/opt/ros/jazzy /usr/bin/cmake --install /ai4r_ws/build/yolobot_control
[8.498s] DEBUG:colcon.colcon_core.event_handler.log_command:Invoked command in '/ai4r_ws/build/yolobot_description' returned '0': CMAKE_PREFIX_PATH=${CMAKE_PREFIX_PATH}:/opt/ros/jazzy /usr/bin/cmake --build /ai4r_ws/build/yolobot_description -- -j12 -l12
[8.498s] DEBUG:colcon.colcon_core.event_handler.log_command:Invoking command in '/ai4r_ws/build/yolobot_description': CMAKE_PREFIX_PATH=${CMAKE_PREFIX_PATH}:/opt/ros/jazzy /usr/bin/cmake --install /ai4r_ws/build/yolobot_description
[8.537s] Level 1:colcon.colcon_core.environment:create_environment_scripts_only(yolobot_control)
[8.538s] Level 1:colcon.colcon_core.environment:checking '/ai4r_ws/install/yolobot_control' for CMake module files
[8.538s] Level 1:colcon.colcon_core.environment:checking '/ai4r_ws/install/yolobot_control' for CMake config files
[8.539s] Level 1:colcon.colcon_core.shell:create_environment_hook('yolobot_control', 'cmake_prefix_path')
[8.539s] INFO:colcon.colcon_core.shell:Creating environment hook '/ai4r_ws/install/yolobot_control/share/yolobot_control/hook/cmake_prefix_path.ps1'
[8.543s] INFO:colcon.colcon_core.shell:Creating environment descriptor '/ai4r_ws/install/yolobot_control/share/yolobot_control/hook/cmake_prefix_path.dsv'
[8.543s] INFO:colcon.colcon_core.shell:Creating environment hook '/ai4r_ws/install/yolobot_control/share/yolobot_control/hook/cmake_prefix_path.sh'
[8.545s] DEBUG:colcon.colcon_core.event_handler.log_command:Invoked command in '/ai4r_ws/build/yolobot_control' returned '0': CMAKE_PREFIX_PATH=${CMAKE_PREFIX_PATH}:/opt/ros/jazzy /usr/bin/cmake --install /ai4r_ws/build/yolobot_control
[8.546s] Level 1:colcon.colcon_core.environment:checking '/ai4r_ws/install/yolobot_control/lib'
[8.546s] Level 1:colcon.colcon_core.environment:checking '/ai4r_ws/install/yolobot_control/bin'
[8.546s] Level 1:colcon.colcon_core.environment:checking '/ai4r_ws/install/yolobot_control/lib/pkgconfig/yolobot_control.pc'
[8.546s] Level 1:colcon.colcon_core.environment:checking '/ai4r_ws/install/yolobot_control/lib/python3.12/site-packages'
[8.549s] Level 1:colcon.colcon_core.environment:checking '/ai4r_ws/install/yolobot_control/bin'
[8.550s] INFO:colcon.colcon_core.shell:Creating package script '/ai4r_ws/install/yolobot_control/share/yolobot_control/package.ps1'
[8.555s] INFO:colcon.colcon_core.shell:Creating package descriptor '/ai4r_ws/install/yolobot_control/share/yolobot_control/package.dsv'
[8.556s] INFO:colcon.colcon_core.shell:Creating package script '/ai4r_ws/install/yolobot_control/share/yolobot_control/package.sh'
[8.557s] INFO:colcon.colcon_core.shell:Creating package script '/ai4r_ws/install/yolobot_control/share/yolobot_control/package.bash'
[8.557s] INFO:colcon.colcon_core.shell:Creating package script '/ai4r_ws/install/yolobot_control/share/yolobot_control/package.zsh'
[8.558s] Level 1:colcon.colcon_core.environment:create_file_with_runtime_dependencies(/ai4r_ws/install/yolobot_control/share/colcon-core/packages/yolobot_control)
[8.558s] Level 1:colcon.colcon_core.environment:create_environment_scripts_only(yolobot_control)
[8.559s] Level 1:colcon.colcon_core.environment:checking '/ai4r_ws/install/yolobot_control' for CMake module files
[8.572s] Level 1:colcon.colcon_core.environment:checking '/ai4r_ws/install/yolobot_control' for CMake config files
[8.572s] Level 1:colcon.colcon_core.shell:create_environment_hook('yolobot_control', 'cmake_prefix_path')
[8.573s] INFO:colcon.colcon_core.shell:Creating environment hook '/ai4r_ws/install/yolobot_control/share/yolobot_control/hook/cmake_prefix_path.ps1'
[8.573s] INFO:colcon.colcon_core.shell:Creating environment descriptor '/ai4r_ws/install/yolobot_control/share/yolobot_control/hook/cmake_prefix_path.dsv'
[8.574s] INFO:colcon.colcon_core.shell:Creating environment hook '/ai4r_ws/install/yolobot_control/share/yolobot_control/hook/cmake_prefix_path.sh'
[8.575s] Level 1:colcon.colcon_core.environment:checking '/ai4r_ws/install/yolobot_control/lib'
[8.575s] Level 1:colcon.colcon_core.environment:checking '/ai4r_ws/install/yolobot_control/bin'
[8.575s] Level 1:colcon.colcon_core.environment:checking '/ai4r_ws/install/yolobot_control/lib/pkgconfig/yolobot_control.pc'
[8.587s] Level 1:colcon.colcon_core.environment:checking '/ai4r_ws/install/yolobot_control/lib/python3.12/site-packages'
[8.587s] Level 1:colcon.colcon_core.environment:checking '/ai4r_ws/install/yolobot_control/bin'
[8.587s] INFO:colcon.colcon_core.shell:Creating package script '/ai4r_ws/install/yolobot_control/share/yolobot_control/package.ps1'
[8.592s] INFO:colcon.colcon_core.shell:Creating package descriptor '/ai4r_ws/install/yolobot_control/share/yolobot_control/package.dsv'
[8.596s] INFO:colcon.colcon_core.shell:Creating package script '/ai4r_ws/install/yolobot_control/share/yolobot_control/package.sh'
[8.600s] INFO:colcon.colcon_core.shell:Creating package script '/ai4r_ws/install/yolobot_control/share/yolobot_control/package.bash'
[8.601s] INFO:colcon.colcon_core.shell:Creating package script '/ai4r_ws/install/yolobot_control/share/yolobot_control/package.zsh'
[8.605s] Level 1:colcon.colcon_core.environment:create_file_with_runtime_dependencies(/ai4r_ws/install/yolobot_control/share/colcon-core/packages/yolobot_control)
[8.607s] Level 1:colcon.colcon_core.environment:create_environment_scripts_only(yolobot_description)
[8.607s] DEBUG:colcon.colcon_core.event_handler.log_command:Invoked command in '/ai4r_ws/build/yolobot_description' returned '0': CMAKE_PREFIX_PATH=${CMAKE_PREFIX_PATH}:/opt/ros/jazzy /usr/bin/cmake --install /ai4r_ws/build/yolobot_description
[8.607s] Level 1:colcon.colcon_core.environment:checking '/ai4r_ws/install/yolobot_description' for CMake module files
[8.615s] Level 1:colcon.colcon_core.environment:checking '/ai4r_ws/install/yolobot_description' for CMake config files
[8.616s] Level 1:colcon.colcon_core.shell:create_environment_hook('yolobot_description', 'cmake_prefix_path')
[8.616s] INFO:colcon.colcon_core.shell:Creating environment hook '/ai4r_ws/install/yolobot_description/share/yolobot_description/hook/cmake_prefix_path.ps1'
[8.617s] INFO:colcon.colcon_core.shell:Creating environment descriptor '/ai4r_ws/install/yolobot_description/share/yolobot_description/hook/cmake_prefix_path.dsv'
[8.617s] INFO:colcon.colcon_core.shell:Creating environment hook '/ai4r_ws/install/yolobot_description/share/yolobot_description/hook/cmake_prefix_path.sh'
[8.618s] Level 1:colcon.colcon_core.environment:checking '/ai4r_ws/install/yolobot_description/lib'
[8.618s] Level 1:colcon.colcon_core.environment:checking '/ai4r_ws/install/yolobot_description/bin'
[8.618s] Level 1:colcon.colcon_core.environment:checking '/ai4r_ws/install/yolobot_description/lib/pkgconfig/yolobot_description.pc'
[8.619s] Level 1:colcon.colcon_core.environment:checking '/ai4r_ws/install/yolobot_description/lib/python3.12/site-packages'
[8.619s] Level 1:colcon.colcon_core.environment:checking '/ai4r_ws/install/yolobot_description/bin'
[8.619s] INFO:colcon.colcon_core.shell:Creating package script '/ai4r_ws/install/yolobot_description/share/yolobot_description/package.ps1'
[8.631s] INFO:colcon.colcon_core.shell:Creating package descriptor '/ai4r_ws/install/yolobot_description/share/yolobot_description/package.dsv'
[8.635s] INFO:colcon.colcon_core.shell:Creating package script '/ai4r_ws/install/yolobot_description/share/yolobot_description/package.sh'
[8.636s] INFO:colcon.colcon_core.shell:Creating package script '/ai4r_ws/install/yolobot_description/share/yolobot_description/package.bash'
[8.644s] INFO:colcon.colcon_core.shell:Creating package script '/ai4r_ws/install/yolobot_description/share/yolobot_description/package.zsh'
[8.645s] Level 1:colcon.colcon_core.environment:create_file_with_runtime_dependencies(/ai4r_ws/install/yolobot_description/share/colcon-core/packages/yolobot_description)
[8.646s] Level 1:colcon.colcon_core.environment:create_environment_scripts_only(yolobot_description)
[8.646s] Level 1:colcon.colcon_core.environment:checking '/ai4r_ws/install/yolobot_description' for CMake module files
[8.647s] Level 1:colcon.colcon_core.environment:checking '/ai4r_ws/install/yolobot_description' for CMake config files
[8.647s] Level 1:colcon.colcon_core.shell:create_environment_hook('yolobot_description', 'cmake_prefix_path')
[8.647s] INFO:colcon.colcon_core.shell:Creating environment hook '/ai4r_ws/install/yolobot_description/share/yolobot_description/hook/cmake_prefix_path.ps1'
[8.653s] INFO:colcon.colcon_core.shell:Creating environment descriptor '/ai4r_ws/install/yolobot_description/share/yolobot_description/hook/cmake_prefix_path.dsv'
[8.653s] INFO:colcon.colcon_core.shell:Creating environment hook '/ai4r_ws/install/yolobot_description/share/yolobot_description/hook/cmake_prefix_path.sh'
[8.654s] Level 1:colcon.colcon_core.environment:checking '/ai4r_ws/install/yolobot_description/lib'
[8.654s] Level 1:colcon.colcon_core.environment:checking '/ai4r_ws/install/yolobot_description/bin'
[8.654s] Level 1:colcon.colcon_core.environment:checking '/ai4r_ws/install/yolobot_description/lib/pkgconfig/yolobot_description.pc'
[8.655s] Level 1:colcon.colcon_core.environment:checking '/ai4r_ws/install/yolobot_description/lib/python3.12/site-packages'
[8.655s] Level 1:colcon.colcon_core.environment:checking '/ai4r_ws/install/yolobot_description/bin'
[8.655s] INFO:colcon.colcon_core.shell:Creating package script '/ai4r_ws/install/yolobot_description/share/yolobot_description/package.ps1'
[8.656s] INFO:colcon.colcon_core.shell:Creating package descriptor '/ai4r_ws/install/yolobot_description/share/yolobot_description/package.dsv'
[8.656s] INFO:colcon.colcon_core.shell:Creating package script '/ai4r_ws/install/yolobot_description/share/yolobot_description/package.sh'
[8.659s] INFO:colcon.colcon_core.shell:Creating package script '/ai4r_ws/install/yolobot_description/share/yolobot_description/package.bash'
[8.659s] INFO:colcon.colcon_core.shell:Creating package script '/ai4r_ws/install/yolobot_description/share/yolobot_description/package.zsh'
[8.660s] Level 1:colcon.colcon_core.environment:create_file_with_runtime_dependencies(/ai4r_ws/install/yolobot_description/share/colcon-core/packages/yolobot_description)
[9.610s] Level 1:colcon.colcon_core.environment:checking '/ai4r_ws/install/relbot_video_interface' for CMake module files
[9.611s] Level 1:colcon.colcon_core.environment:checking '/ai4r_ws/install/relbot_video_interface' for CMake config files
[9.611s] Level 1:colcon.colcon_core.environment:checking '/ai4r_ws/install/relbot_video_interface/lib'
[9.612s] Level 1:colcon.colcon_core.environment:checking '/ai4r_ws/install/relbot_video_interface/bin'
[9.612s] Level 1:colcon.colcon_core.environment:checking '/ai4r_ws/install/relbot_video_interface/lib/pkgconfig/relbot_video_interface.pc'
[9.612s] Level 1:colcon.colcon_core.environment:checking '/ai4r_ws/install/relbot_video_interface/lib/python3.12/site-packages'
[9.612s] Level 1:colcon.colcon_core.shell:create_environment_hook('relbot_video_interface', 'pythonpath')
[9.616s] INFO:colcon.colcon_core.shell:Creating environment hook '/ai4r_ws/install/relbot_video_interface/share/relbot_video_interface/hook/pythonpath.ps1'
[9.615s] DEBUG:colcon.colcon_core.event_handler.log_command:Invoked command in '/ai4r_ws/src/relbot_video_interface' returned '0': PYTHONPATH=/ai4r_ws/build/relbot_video_interface/prefix_override:/usr/lib/python3/dist-packages/colcon_core/task/python/colcon_distutils_commands:/ai4r_ws/install/relbot_video_interface/lib/python3.12/site-packages:${PYTHONPATH} /usr/bin/python3 -W ignore:setup.py install is deprecated -W ignore:easy_install command is deprecated setup.py egg_info --egg-base ../../build/relbot_video_interface build --build-base /ai4r_ws/build/relbot_video_interface/build install --record /ai4r_ws/build/relbot_video_interface/install.log --single-version-externally-managed install_data
[9.623s] INFO:colcon.colcon_core.shell:Creating environment descriptor '/ai4r_ws/install/relbot_video_interface/share/relbot_video_interface/hook/pythonpath.dsv'
[9.623s] INFO:colcon.colcon_core.shell:Creating environment hook '/ai4r_ws/install/relbot_video_interface/share/relbot_video_interface/hook/pythonpath.sh'
[9.624s] Level 1:colcon.colcon_core.environment:checking '/ai4r_ws/install/relbot_video_interface/bin'
[9.624s] Level 1:colcon.colcon_core.environment:create_environment_scripts_only(relbot_video_interface)
[9.625s] INFO:colcon.colcon_core.shell:Creating package script '/ai4r_ws/install/relbot_video_interface/share/relbot_video_interface/package.ps1'
[9.630s] INFO:colcon.colcon_core.shell:Creating package descriptor '/ai4r_ws/install/relbot_video_interface/share/relbot_video_interface/package.dsv'
[9.630s] INFO:colcon.colcon_core.shell:Creating package script '/ai4r_ws/install/relbot_video_interface/share/relbot_video_interface/package.sh'
[9.631s] INFO:colcon.colcon_core.shell:Creating package script '/ai4r_ws/install/relbot_video_interface/share/relbot_video_interface/package.bash'
[9.631s] INFO:colcon.colcon_core.shell:Creating package script '/ai4r_ws/install/relbot_video_interface/share/relbot_video_interface/package.zsh'
[9.632s] Level 1:colcon.colcon_core.environment:create_file_with_runtime_dependencies(/ai4r_ws/install/relbot_video_interface/share/colcon-core/packages/relbot_video_interface)
[17.879s] DEBUG:colcon.colcon_core.event_handler.log_command:Invoked command in '/ai4r_ws/build/yolov8_msgs' returned '0': CMAKE_PREFIX_PATH=${CMAKE_PREFIX_PATH}:/opt/ros/jazzy /usr/bin/cmake /ai4r_ws/src/yolobot/src/yolov8_msgs -DCMAKE_INSTALL_PREFIX=/ai4r_ws/install/yolov8_msgs
[17.879s] DEBUG:colcon.colcon_core.event_handler.log_command:Invoking command in '/ai4r_ws/build/yolov8_msgs': CMAKE_PREFIX_PATH=${CMAKE_PREFIX_PATH}:/opt/ros/jazzy /usr/bin/cmake --build /ai4r_ws/build/yolov8_msgs -- -j12 -l12
[51.031s] DEBUG:colcon.colcon_core.event_handler.log_command:Invoked command in '/ai4r_ws/build/yolov8_msgs' returned '0': CMAKE_PREFIX_PATH=${CMAKE_PREFIX_PATH}:/opt/ros/jazzy /usr/bin/cmake --build /ai4r_ws/build/yolov8_msgs -- -j12 -l12
[51.032s] DEBUG:colcon.colcon_core.event_handler.log_command:Invoking command in '/ai4r_ws/build/yolov8_msgs': CMAKE_PREFIX_PATH=${CMAKE_PREFIX_PATH}:/opt/ros/jazzy /usr/bin/cmake --install /ai4r_ws/build/yolov8_msgs
[51.294s] Level 1:colcon.colcon_core.environment:create_environment_scripts_only(yolov8_msgs)
[51.295s] Level 1:colcon.colcon_core.environment:checking '/ai4r_ws/install/yolov8_msgs' for CMake module files
[51.296s] Level 1:colcon.colcon_core.environment:checking '/ai4r_ws/install/yolov8_msgs' for CMake config files
[51.297s] Level 1:colcon.colcon_core.shell:create_environment_hook('yolov8_msgs', 'cmake_prefix_path')
[51.297s] INFO:colcon.colcon_core.shell:Creating environment hook '/ai4r_ws/install/yolov8_msgs/share/yolov8_msgs/hook/cmake_prefix_path.ps1'
[51.298s] INFO:colcon.colcon_core.shell:Creating environment descriptor '/ai4r_ws/install/yolov8_msgs/share/yolov8_msgs/hook/cmake_prefix_path.dsv'
[51.298s] INFO:colcon.colcon_core.shell:Creating environment hook '/ai4r_ws/install/yolov8_msgs/share/yolov8_msgs/hook/cmake_prefix_path.sh'
[51.310s] DEBUG:colcon.colcon_core.event_handler.log_command:Invoked command in '/ai4r_ws/build/yolov8_msgs' returned '0': CMAKE_PREFIX_PATH=${CMAKE_PREFIX_PATH}:/opt/ros/jazzy /usr/bin/cmake --install /ai4r_ws/build/yolov8_msgs
[51.311s] Level 1:colcon.colcon_core.environment:checking '/ai4r_ws/install/yolov8_msgs/lib'
[51.311s] Level 1:colcon.colcon_core.shell:create_environment_hook('yolov8_msgs', 'ld_library_path_lib')
[51.311s] INFO:colcon.colcon_core.shell:Creating environment hook '/ai4r_ws/install/yolov8_msgs/share/yolov8_msgs/hook/ld_library_path_lib.ps1'
[51.311s] INFO:colcon.colcon_core.shell:Creating environment descriptor '/ai4r_ws/install/yolov8_msgs/share/yolov8_msgs/hook/ld_library_path_lib.dsv'
[51.312s] INFO:colcon.colcon_core.shell:Creating environment hook '/ai4r_ws/install/yolov8_msgs/share/yolov8_msgs/hook/ld_library_path_lib.sh'
[51.312s] Level 1:colcon.colcon_core.environment:checking '/ai4r_ws/install/yolov8_msgs/bin'
[51.312s] Level 1:colcon.colcon_core.environment:checking '/ai4r_ws/install/yolov8_msgs/lib/pkgconfig/yolov8_msgs.pc'
[51.313s] Level 1:colcon.colcon_core.environment:checking '/ai4r_ws/install/yolov8_msgs/lib/python3.12/site-packages'
[51.313s] Level 1:colcon.colcon_core.shell:create_environment_hook('yolov8_msgs', 'pythonpath')
[51.324s] INFO:colcon.colcon_core.shell:Creating environment hook '/ai4r_ws/install/yolov8_msgs/share/yolov8_msgs/hook/pythonpath.ps1'
[51.325s] INFO:colcon.colcon_core.shell:Creating environment descriptor '/ai4r_ws/install/yolov8_msgs/share/yolov8_msgs/hook/pythonpath.dsv'
[51.325s] INFO:colcon.colcon_core.shell:Creating environment hook '/ai4r_ws/install/yolov8_msgs/share/yolov8_msgs/hook/pythonpath.sh'
[51.326s] Level 1:colcon.colcon_core.environment:checking '/ai4r_ws/install/yolov8_msgs/bin'
[51.326s] INFO:colcon.colcon_core.shell:Creating package script '/ai4r_ws/install/yolov8_msgs/share/yolov8_msgs/package.ps1'
[51.327s] INFO:colcon.colcon_core.shell:Creating package descriptor '/ai4r_ws/install/yolov8_msgs/share/yolov8_msgs/package.dsv'
[51.334s] INFO:colcon.colcon_core.shell:Creating package script '/ai4r_ws/install/yolov8_msgs/share/yolov8_msgs/package.sh'
[51.337s] INFO:colcon.colcon_core.shell:Creating package script '/ai4r_ws/install/yolov8_msgs/share/yolov8_msgs/package.bash'
[51.338s] INFO:colcon.colcon_core.shell:Creating package script '/ai4r_ws/install/yolov8_msgs/share/yolov8_msgs/package.zsh'
[51.338s] Level 1:colcon.colcon_core.environment:create_file_with_runtime_dependencies(/ai4r_ws/install/yolov8_msgs/share/colcon-core/packages/yolov8_msgs)
[51.339s] Level 1:colcon.colcon_core.environment:create_environment_scripts_only(yolov8_msgs)
[51.339s] Level 1:colcon.colcon_core.environment:checking '/ai4r_ws/install/yolov8_msgs' for CMake module files
[51.347s] Level 1:colcon.colcon_core.environment:checking '/ai4r_ws/install/yolov8_msgs' for CMake config files
[51.348s] Level 1:colcon.colcon_core.shell:create_environment_hook('yolov8_msgs', 'cmake_prefix_path')
[51.348s] INFO:colcon.colcon_core.shell:Creating environment hook '/ai4r_ws/install/yolov8_msgs/share/yolov8_msgs/hook/cmake_prefix_path.ps1'
[51.352s] INFO:colcon.colcon_core.shell:Creating environment descriptor '/ai4r_ws/install/yolov8_msgs/share/yolov8_msgs/hook/cmake_prefix_path.dsv'
[51.356s] INFO:colcon.colcon_core.shell:Creating environment hook '/ai4r_ws/install/yolov8_msgs/share/yolov8_msgs/hook/cmake_prefix_path.sh'
[51.357s] Level 1:colcon.colcon_core.environment:checking '/ai4r_ws/install/yolov8_msgs/lib'
[51.357s] Level 1:colcon.colcon_core.shell:create_environment_hook('yolov8_msgs', 'ld_library_path_lib')
[51.357s] INFO:colcon.colcon_core.shell:Creating environment hook '/ai4r_ws/install/yolov8_msgs/share/yolov8_msgs/hook/ld_library_path_lib.ps1'
[51.358s] INFO:colcon.colcon_core.shell:Creating environment descriptor '/ai4r_ws/install/yolov8_msgs/share/yolov8_msgs/hook/ld_library_path_lib.dsv'
[51.362s] INFO:colcon.colcon_core.shell:Creating environment hook '/ai4r_ws/install/yolov8_msgs/share/yolov8_msgs/hook/ld_library_path_lib.sh'
[51.363s] Level 1:colcon.colcon_core.environment:checking '/ai4r_ws/install/yolov8_msgs/bin'
[51.363s] Level 1:colcon.colcon_core.environment:checking '/ai4r_ws/install/yolov8_msgs/lib/pkgconfig/yolov8_msgs.pc'
[51.365s] Level 1:colcon.colcon_core.environment:checking '/ai4r_ws/install/yolov8_msgs/lib/python3.12/site-packages'
[51.365s] Level 1:colcon.colcon_core.shell:create_environment_hook('yolov8_msgs', 'pythonpath')
[51.366s] INFO:colcon.colcon_core.shell:Creating environment hook '/ai4r_ws/install/yolov8_msgs/share/yolov8_msgs/hook/pythonpath.ps1'
[51.368s] INFO:colcon.colcon_core.shell:Creating environment descriptor '/ai4r_ws/install/yolov8_msgs/share/yolov8_msgs/hook/pythonpath.dsv'
[51.369s] INFO:colcon.colcon_core.shell:Creating environment hook '/ai4r_ws/install/yolov8_msgs/share/yolov8_msgs/hook/pythonpath.sh'
[51.369s] Level 1:colcon.colcon_core.environment:checking '/ai4r_ws/install/yolov8_msgs/bin'
[51.370s] INFO:colcon.colcon_core.shell:Creating package script '/ai4r_ws/install/yolov8_msgs/share/yolov8_msgs/package.ps1'
[51.378s] INFO:colcon.colcon_core.shell:Creating package descriptor '/ai4r_ws/install/yolov8_msgs/share/yolov8_msgs/package.dsv'
[51.379s] INFO:colcon.colcon_core.shell:Creating package script '/ai4r_ws/install/yolov8_msgs/share/yolov8_msgs/package.sh'
[51.380s] INFO:colcon.colcon_core.shell:Creating package script '/ai4r_ws/install/yolov8_msgs/share/yolov8_msgs/package.bash'
[51.381s] INFO:colcon.colcon_core.shell:Creating package script '/ai4r_ws/install/yolov8_msgs/share/yolov8_msgs/package.zsh'
[51.381s] Level 1:colcon.colcon_core.environment:create_file_with_runtime_dependencies(/ai4r_ws/install/yolov8_msgs/share/colcon-core/packages/yolov8_msgs)
[51.385s] DEBUG:colcon.colcon_parallel_executor.executor.parallel:closing loop
[51.385s] DEBUG:colcon.colcon_parallel_executor.executor.parallel:loop closed
[51.386s] DEBUG:colcon.colcon_parallel_executor.executor.parallel:run_until_complete finished with '0'
[51.386s] DEBUG:colcon.colcon_core.event_reactor:joining thread
[51.435s] INFO:colcon.colcon_core.plugin_system:Skipping extension 'colcon_notification.desktop_notification.notify_send': Could not find 'notify-send'
[51.436s] INFO:colcon.colcon_core.plugin_system:Skipping extension 'colcon_notification.desktop_notification.terminal_notifier': Not used on non-Darwin systems
[51.436s] INFO:colcon.colcon_core.plugin_system:Skipping extension 'colcon_notification.desktop_notification.win32': Not used on non-Windows systems
[51.436s] INFO:colcon.colcon_notification.desktop_notification:Sending desktop notification using 'notify2'
[51.444s] DEBUG:colcon.colcon_notification.desktop_notification.notify2:Failed to initialize notify2: org.freedesktop.DBus.Error.Spawn.ExecFailed: /usr/bin/dbus-launch terminated abnormally without any error message
[51.450s] DEBUG:colcon.colcon_core.event_reactor:joined thread
[51.451s] INFO:colcon.colcon_core.shell:Creating prefix script '/ai4r_ws/install/local_setup.ps1'
[51.453s] INFO:colcon.colcon_core.shell:Creating prefix util module '/ai4r_ws/install/_local_setup_util_ps1.py'
[51.455s] INFO:colcon.colcon_core.shell:Creating prefix chain script '/ai4r_ws/install/setup.ps1'
[51.461s] INFO:colcon.colcon_core.shell:Creating prefix script '/ai4r_ws/install/local_setup.sh'
[51.462s] INFO:colcon.colcon_core.shell:Creating prefix util module '/ai4r_ws/install/_local_setup_util_sh.py'
[51.463s] INFO:colcon.colcon_core.shell:Creating prefix chain script '/ai4r_ws/install/setup.sh'
[51.468s] INFO:colcon.colcon_core.shell:Creating prefix script '/ai4r_ws/install/local_setup.bash'
[51.472s] INFO:colcon.colcon_core.shell:Creating prefix chain script '/ai4r_ws/install/setup.bash'
[51.474s] INFO:colcon.colcon_core.shell:Creating prefix script '/ai4r_ws/install/local_setup.zsh'
[51.476s] INFO:colcon.colcon_core.shell:Creating prefix chain script '/ai4r_ws/install/setup.zsh'
