[0.761s] Invoking command in '/ai4r_ws/src/relbot_video_interface': PYTHONPATH=/ai4r_ws/build/relbot_video_interface/prefix_override:/usr/lib/python3/dist-packages/colcon_core/task/python/colcon_distutils_commands:/ai4r_ws/install/relbot_video_interface/lib/python3.12/site-packages:${PYTHONPATH} /usr/bin/python3 -W ignore:setup.py install is deprecated -W ignore:easy_install command is deprecated setup.py egg_info --egg-base ../../build/relbot_video_interface build --build-base /ai4r_ws/build/relbot_video_interface/build install --record /ai4r_ws/build/relbot_video_interface/install.log --single-version-externally-managed install_data
[0.991s] running egg_info
[1.006s] writing ../../build/relbot_video_interface/relbot_video_interface.egg-info/PKG-INFO
[1.007s] writing dependency_links to ../../build/relbot_video_interface/relbot_video_interface.egg-info/dependency_links.txt
[1.008s] writing entry points to ../../build/relbot_video_interface/relbot_video_interface.egg-info/entry_points.txt
[1.009s] writing requirements to ../../build/relbot_video_interface/relbot_video_interface.egg-info/requires.txt
[1.009s] writing top-level names to ../../build/relbot_video_interface/relbot_video_interface.egg-info/top_level.txt
[1.056s] reading manifest file '../../build/relbot_video_interface/relbot_video_interface.egg-info/SOURCES.txt'
[1.057s] writing manifest file '../../build/relbot_video_interface/relbot_video_interface.egg-info/SOURCES.txt'
[1.058s] running build
[1.058s] running build_py
[1.059s] copying relbot_video_interface/video_interface_node.py -> /ai4r_ws/build/relbot_video_interface/build/lib/relbot_video_interface
[1.059s] running install
[1.067s] running install_lib
[1.083s] copying /ai4r_ws/build/relbot_video_interface/build/lib/relbot_video_interface/video_interface_node.py -> /ai4r_ws/install/relbot_video_interface/lib/python3.12/site-packages/relbot_video_interface
[1.084s] byte-compiling /ai4r_ws/install/relbot_video_interface/lib/python3.12/site-packages/relbot_video_interface/video_interface_node.py to video_interface_node.cpython-312.pyc
[1.086s] running install_data
[1.091s] running install_egg_info
[1.106s] removing '/ai4r_ws/install/relbot_video_interface/lib/python3.12/site-packages/relbot_video_interface-0.1.0-py3.12.egg-info' (and everything under it)
[1.108s] Copying ../../build/relbot_video_interface/relbot_video_interface.egg-info to /ai4r_ws/install/relbot_video_interface/lib/python3.12/site-packages/relbot_video_interface-0.1.0-py3.12.egg-info
[1.108s] running install_scripts
[1.220s] Installing video_interface script to /ai4r_ws/install/relbot_video_interface/lib/relbot_video_interface
[1.222s] writing list of installed files to '/ai4r_ws/build/relbot_video_interface/install.log'
[1.273s] Invoked command in '/ai4r_ws/src/relbot_video_interface' returned '0': PYTHONPATH=/ai4r_ws/build/relbot_video_interface/prefix_override:/usr/lib/python3/dist-packages/colcon_core/task/python/colcon_distutils_commands:/ai4r_ws/install/relbot_video_interface/lib/python3.12/site-packages:${PYTHONPATH} /usr/bin/python3 -W ignore:setup.py install is deprecated -W ignore:easy_install command is deprecated setup.py egg_info --egg-base ../../build/relbot_video_interface build --build-base /ai4r_ws/build/relbot_video_interface/build install --record /ai4r_ws/build/relbot_video_interface/install.log --single-version-externally-managed install_data
