[0.355s] DEBUG:colcon:Command line arguments: ['/usr/bin/colcon', 'build']
[0.359s] DEBUG:colcon:Parsed command line arguments: Namespace(log_base=None, log_level=None, verb_name='build', build_base='build', install_base='install', merge_install=False, symlink_install=False, test_result_base=None, continue_on_error=False, executor='parallel', parallel_workers=12, event_handlers=None, ignore_user_meta=False, metas=['./colcon.meta'], base_paths=['.'], packages_ignore=None, packages_ignore_regex=None, paths=None, packages_up_to=None, packages_up_to_regex=None, packages_above=None, packages_above_and_dependencies=None, packages_above_depth=None, packages_select_by_dep=None, packages_skip_by_dep=None, packages_skip_up_to=None, packages_select_build_failed=False, packages_skip_build_finished=False, packages_select_test_failures=False, packages_skip_test_passed=False, packages_select=None, packages_skip=None, packages_select_regex=None, packages_skip_regex=None, packages_start=None, packages_end=None, cmake_args=None, cmake_target=None, cmake_target_skip_unavailable=False, cmake_clean_cache=False, cmake_clean_first=False, cmake_force_configure=False, ament_cmake_args=None, catkin_cmake_args=None, catkin_skip_building_tests=False, verb_parser=<colcon_defaults.argument_parser.defaults.DefaultArgumentsDecorator object at 0x76af97947050>, verb_extension=<colcon_core.verb.build.BuildVerb object at 0x76af97ace3c0>, main=<bound method BuildVerb.main of <colcon_core.verb.build.BuildVerb object at 0x76af97ace3c0>>)
[0.524s] Level 1:colcon.colcon_core.package_discovery:discover_packages(colcon_meta) check parameters
[0.525s] Level 1:colcon.colcon_core.package_discovery:discover_packages(recursive) check parameters
[0.525s] Level 1:colcon.colcon_core.package_discovery:discover_packages(ignore) check parameters
[0.525s] Level 1:colcon.colcon_core.package_discovery:discover_packages(path) check parameters
[0.525s] Level 1:colcon.colcon_core.package_discovery:discover_packages(colcon_meta) discover
[0.525s] Level 1:colcon.colcon_core.package_discovery:discover_packages(recursive) discover
[0.525s] INFO:colcon.colcon_core.package_discovery:Crawling recursively for packages in '/ai4r_ws'
[0.526s] Level 1:colcon.colcon_core.package_identification:_identify(.) by extensions ['ignore', 'ignore_ament_install']
[0.526s] Level 1:colcon.colcon_core.package_identification:_identify(.) by extension 'ignore'
[0.526s] Level 1:colcon.colcon_core.package_identification:_identify(.) by extension 'ignore_ament_install'
[0.526s] Level 1:colcon.colcon_core.package_identification:_identify(.) by extensions ['colcon_pkg']
[0.526s] Level 1:colcon.colcon_core.package_identification:_identify(.) by extension 'colcon_pkg'
[0.526s] Level 1:colcon.colcon_core.package_identification:_identify(.) by extensions ['colcon_meta']
[0.526s] Level 1:colcon.colcon_core.package_identification:_identify(.) by extension 'colcon_meta'
[0.526s] Level 1:colcon.colcon_core.package_identification:_identify(.) by extensions ['ros']
[0.534s] Level 1:colcon.colcon_core.package_identification:_identify(.) by extension 'ros'
[0.618s] Level 1:colcon.colcon_core.package_identification:_identify(.) by extensions ['cmake', 'python']
[0.618s] Level 1:colcon.colcon_core.package_identification:_identify(.) by extension 'cmake'
[0.618s] Level 1:colcon.colcon_core.package_identification:_identify(.) by extension 'python'
[0.618s] Level 1:colcon.colcon_core.package_identification:_identify(.) by extensions ['python_setup_py']
[0.618s] Level 1:colcon.colcon_core.package_identification:_identify(.) by extension 'python_setup_py'
[0.618s] Level 1:colcon.colcon_core.package_identification:_identify(Assignments) by extensions ['ignore', 'ignore_ament_install']
[0.618s] Level 1:colcon.colcon_core.package_identification:_identify(Assignments) by extension 'ignore'
[0.619s] Level 1:colcon.colcon_core.package_identification:_identify(Assignments) by extension 'ignore_ament_install'
[0.619s] Level 1:colcon.colcon_core.package_identification:_identify(Assignments) by extensions ['colcon_pkg']
[0.626s] Level 1:colcon.colcon_core.package_identification:_identify(Assignments) by extension 'colcon_pkg'
[0.626s] Level 1:colcon.colcon_core.package_identification:_identify(Assignments) by extensions ['colcon_meta']
[0.626s] Level 1:colcon.colcon_core.package_identification:_identify(Assignments) by extension 'colcon_meta'
[0.626s] Level 1:colcon.colcon_core.package_identification:_identify(Assignments) by extensions ['ros']
[0.626s] Level 1:colcon.colcon_core.package_identification:_identify(Assignments) by extension 'ros'
[0.626s] Level 1:colcon.colcon_core.package_identification:_identify(Assignments) by extensions ['cmake', 'python']
[0.626s] Level 1:colcon.colcon_core.package_identification:_identify(Assignments) by extension 'cmake'
[0.626s] Level 1:colcon.colcon_core.package_identification:_identify(Assignments) by extension 'python'
[0.626s] Level 1:colcon.colcon_core.package_identification:_identify(Assignments) by extensions ['python_setup_py']
[0.626s] Level 1:colcon.colcon_core.package_identification:_identify(Assignments) by extension 'python_setup_py'
[0.626s] Level 1:colcon.colcon_core.package_identification:_identify(Assignments/aias) by extensions ['ignore', 'ignore_ament_install']
[0.626s] Level 1:colcon.colcon_core.package_identification:_identify(Assignments/aias) by extension 'ignore'
[0.627s] Level 1:colcon.colcon_core.package_identification:_identify(Assignments/aias) by extension 'ignore_ament_install'
[0.627s] Level 1:colcon.colcon_core.package_identification:_identify(Assignments/aias) by extensions ['colcon_pkg']
[0.627s] Level 1:colcon.colcon_core.package_identification:_identify(Assignments/aias) by extension 'colcon_pkg'
[0.627s] Level 1:colcon.colcon_core.package_identification:_identify(Assignments/aias) by extensions ['colcon_meta']
[0.627s] Level 1:colcon.colcon_core.package_identification:_identify(Assignments/aias) by extension 'colcon_meta'
[0.627s] Level 1:colcon.colcon_core.package_identification:_identify(Assignments/aias) by extensions ['ros']
[0.627s] Level 1:colcon.colcon_core.package_identification:_identify(Assignments/aias) by extension 'ros'
[0.627s] Level 1:colcon.colcon_core.package_identification:_identify(Assignments/aias) by extensions ['cmake', 'python']
[0.627s] Level 1:colcon.colcon_core.package_identification:_identify(Assignments/aias) by extension 'cmake'
[0.627s] Level 1:colcon.colcon_core.package_identification:_identify(Assignments/aias) by extension 'python'
[0.627s] Level 1:colcon.colcon_core.package_identification:_identify(Assignments/aias) by extensions ['python_setup_py']
[0.627s] Level 1:colcon.colcon_core.package_identification:_identify(Assignments/aias) by extension 'python_setup_py'
[0.627s] Level 1:colcon.colcon_core.package_identification:_identify(Assignments/aias/bin) by extensions ['ignore', 'ignore_ament_install']
[0.627s] Level 1:colcon.colcon_core.package_identification:_identify(Assignments/aias/bin) by extension 'ignore'
[0.627s] Level 1:colcon.colcon_core.package_identification:_identify(Assignments/aias/bin) by extension 'ignore_ament_install'
[0.628s] Level 1:colcon.colcon_core.package_identification:_identify(Assignments/aias/bin) by extensions ['colcon_pkg']
[0.628s] Level 1:colcon.colcon_core.package_identification:_identify(Assignments/aias/bin) by extension 'colcon_pkg'
[0.628s] Level 1:colcon.colcon_core.package_identification:_identify(Assignments/aias/bin) by extensions ['colcon_meta']
[0.628s] Level 1:colcon.colcon_core.package_identification:_identify(Assignments/aias/bin) by extension 'colcon_meta'
[0.628s] Level 1:colcon.colcon_core.package_identification:_identify(Assignments/aias/bin) by extensions ['ros']
[0.628s] Level 1:colcon.colcon_core.package_identification:_identify(Assignments/aias/bin) by extension 'ros'
[0.628s] Level 1:colcon.colcon_core.package_identification:_identify(Assignments/aias/bin) by extensions ['cmake', 'python']
[0.628s] Level 1:colcon.colcon_core.package_identification:_identify(Assignments/aias/bin) by extension 'cmake'
[0.628s] Level 1:colcon.colcon_core.package_identification:_identify(Assignments/aias/bin) by extension 'python'
[0.628s] Level 1:colcon.colcon_core.package_identification:_identify(Assignments/aias/bin) by extensions ['python_setup_py']
[0.628s] Level 1:colcon.colcon_core.package_identification:_identify(Assignments/aias/bin) by extension 'python_setup_py'
[0.628s] Level 1:colcon.colcon_core.package_identification:_identify(Assignments/list) by extensions ['ignore', 'ignore_ament_install']
[0.628s] Level 1:colcon.colcon_core.package_identification:_identify(Assignments/list) by extension 'ignore'
[0.628s] Level 1:colcon.colcon_core.package_identification:_identify(Assignments/list) by extension 'ignore_ament_install'
[0.628s] Level 1:colcon.colcon_core.package_identification:_identify(Assignments/list) by extensions ['colcon_pkg']
[0.628s] Level 1:colcon.colcon_core.package_identification:_identify(Assignments/list) by extension 'colcon_pkg'
[0.629s] Level 1:colcon.colcon_core.package_identification:_identify(Assignments/list) by extensions ['colcon_meta']
[0.629s] Level 1:colcon.colcon_core.package_identification:_identify(Assignments/list) by extension 'colcon_meta'
[0.629s] Level 1:colcon.colcon_core.package_identification:_identify(Assignments/list) by extensions ['ros']
[0.629s] Level 1:colcon.colcon_core.package_identification:_identify(Assignments/list) by extension 'ros'
[0.629s] Level 1:colcon.colcon_core.package_identification:_identify(Assignments/list) by extensions ['cmake', 'python']
[0.629s] Level 1:colcon.colcon_core.package_identification:_identify(Assignments/list) by extension 'cmake'
[0.629s] Level 1:colcon.colcon_core.package_identification:_identify(Assignments/list) by extension 'python'
[0.629s] Level 1:colcon.colcon_core.package_identification:_identify(Assignments/list) by extensions ['python_setup_py']
[0.629s] Level 1:colcon.colcon_core.package_identification:_identify(Assignments/list) by extension 'python_setup_py'
[0.629s] Level 1:colcon.colcon_core.package_identification:_identify(Assignments/list/bin) by extensions ['ignore', 'ignore_ament_install']
[0.629s] Level 1:colcon.colcon_core.package_identification:_identify(Assignments/list/bin) by extension 'ignore'
[0.629s] Level 1:colcon.colcon_core.package_identification:_identify(Assignments/list/bin) by extension 'ignore_ament_install'
[0.629s] Level 1:colcon.colcon_core.package_identification:_identify(Assignments/list/bin) by extensions ['colcon_pkg']
[0.629s] Level 1:colcon.colcon_core.package_identification:_identify(Assignments/list/bin) by extension 'colcon_pkg'
[0.629s] Level 1:colcon.colcon_core.package_identification:_identify(Assignments/list/bin) by extensions ['colcon_meta']
[0.629s] Level 1:colcon.colcon_core.package_identification:_identify(Assignments/list/bin) by extension 'colcon_meta'
[0.630s] Level 1:colcon.colcon_core.package_identification:_identify(Assignments/list/bin) by extensions ['ros']
[0.630s] Level 1:colcon.colcon_core.package_identification:_identify(Assignments/list/bin) by extension 'ros'
[0.630s] Level 1:colcon.colcon_core.package_identification:_identify(Assignments/list/bin) by extensions ['cmake', 'python']
[0.630s] Level 1:colcon.colcon_core.package_identification:_identify(Assignments/list/bin) by extension 'cmake'
[0.630s] Level 1:colcon.colcon_core.package_identification:_identify(Assignments/list/bin) by extension 'python'
[0.630s] Level 1:colcon.colcon_core.package_identification:_identify(Assignments/list/bin) by extensions ['python_setup_py']
[0.630s] Level 1:colcon.colcon_core.package_identification:_identify(Assignments/list/bin) by extension 'python_setup_py'
[0.630s] Level 1:colcon.colcon_core.package_identification:_identify(build) by extensions ['ignore', 'ignore_ament_install']
[0.630s] Level 1:colcon.colcon_core.package_identification:_identify(build) by extension 'ignore'
[0.630s] Level 1:colcon.colcon_core.package_identification:_identify(build) ignored
[0.630s] Level 1:colcon.colcon_core.package_identification:_identify(depth_estimation) by extensions ['ignore', 'ignore_ament_install']
[0.630s] Level 1:colcon.colcon_core.package_identification:_identify(depth_estimation) by extension 'ignore'
[0.630s] Level 1:colcon.colcon_core.package_identification:_identify(depth_estimation) by extension 'ignore_ament_install'
[0.631s] Level 1:colcon.colcon_core.package_identification:_identify(depth_estimation) by extensions ['colcon_pkg']
[0.631s] Level 1:colcon.colcon_core.package_identification:_identify(depth_estimation) by extension 'colcon_pkg'
[0.639s] Level 1:colcon.colcon_core.package_identification:_identify(depth_estimation) by extensions ['colcon_meta']
[0.639s] Level 1:colcon.colcon_core.package_identification:_identify(depth_estimation) by extension 'colcon_meta'
[0.639s] Level 1:colcon.colcon_core.package_identification:_identify(depth_estimation) by extensions ['ros']
[0.639s] Level 1:colcon.colcon_core.package_identification:_identify(depth_estimation) by extension 'ros'
[0.639s] Level 1:colcon.colcon_core.package_identification:_identify(depth_estimation) by extensions ['cmake', 'python']
[0.639s] Level 1:colcon.colcon_core.package_identification:_identify(depth_estimation) by extension 'cmake'
[0.639s] Level 1:colcon.colcon_core.package_identification:_identify(depth_estimation) by extension 'python'
[0.639s] Level 1:colcon.colcon_core.package_identification:_identify(depth_estimation) by extensions ['python_setup_py']
[0.639s] Level 1:colcon.colcon_core.package_identification:_identify(depth_estimation) by extension 'python_setup_py'
[0.639s] Level 1:colcon.colcon_core.package_identification:_identify(fine_tune_helmet) by extensions ['ignore', 'ignore_ament_install']
[0.639s] Level 1:colcon.colcon_core.package_identification:_identify(fine_tune_helmet) by extension 'ignore'
[0.639s] Level 1:colcon.colcon_core.package_identification:_identify(fine_tune_helmet) by extension 'ignore_ament_install'
[0.640s] Level 1:colcon.colcon_core.package_identification:_identify(fine_tune_helmet) by extensions ['colcon_pkg']
[0.640s] Level 1:colcon.colcon_core.package_identification:_identify(fine_tune_helmet) by extension 'colcon_pkg'
[0.640s] Level 1:colcon.colcon_core.package_identification:_identify(fine_tune_helmet) by extensions ['colcon_meta']
[0.640s] Level 1:colcon.colcon_core.package_identification:_identify(fine_tune_helmet) by extension 'colcon_meta'
[0.640s] Level 1:colcon.colcon_core.package_identification:_identify(fine_tune_helmet) by extensions ['ros']
[0.640s] Level 1:colcon.colcon_core.package_identification:_identify(fine_tune_helmet) by extension 'ros'
[0.640s] Level 1:colcon.colcon_core.package_identification:_identify(fine_tune_helmet) by extensions ['cmake', 'python']
[0.640s] Level 1:colcon.colcon_core.package_identification:_identify(fine_tune_helmet) by extension 'cmake'
[0.640s] Level 1:colcon.colcon_core.package_identification:_identify(fine_tune_helmet) by extension 'python'
[0.640s] Level 1:colcon.colcon_core.package_identification:_identify(fine_tune_helmet) by extensions ['python_setup_py']
[0.640s] Level 1:colcon.colcon_core.package_identification:_identify(fine_tune_helmet) by extension 'python_setup_py'
[0.640s] Level 1:colcon.colcon_core.package_identification:_identify(install) by extensions ['ignore', 'ignore_ament_install']
[0.640s] Level 1:colcon.colcon_core.package_identification:_identify(install) by extension 'ignore'
[0.640s] Level 1:colcon.colcon_core.package_identification:_identify(install) ignored
[0.640s] Level 1:colcon.colcon_core.package_identification:_identify(log) by extensions ['ignore', 'ignore_ament_install']
[0.640s] Level 1:colcon.colcon_core.package_identification:_identify(log) by extension 'ignore'
[0.641s] Level 1:colcon.colcon_core.package_identification:_identify(log) ignored
[0.641s] Level 1:colcon.colcon_core.package_identification:_identify(src) by extensions ['ignore', 'ignore_ament_install']
[0.641s] Level 1:colcon.colcon_core.package_identification:_identify(src) by extension 'ignore'
[0.641s] Level 1:colcon.colcon_core.package_identification:_identify(src) by extension 'ignore_ament_install'
[0.641s] Level 1:colcon.colcon_core.package_identification:_identify(src) by extensions ['colcon_pkg']
[0.641s] Level 1:colcon.colcon_core.package_identification:_identify(src) by extension 'colcon_pkg'
[0.641s] Level 1:colcon.colcon_core.package_identification:_identify(src) by extensions ['colcon_meta']
[0.641s] Level 1:colcon.colcon_core.package_identification:_identify(src) by extension 'colcon_meta'
[0.641s] Level 1:colcon.colcon_core.package_identification:_identify(src) by extensions ['ros']
[0.641s] Level 1:colcon.colcon_core.package_identification:_identify(src) by extension 'ros'
[0.641s] Level 1:colcon.colcon_core.package_identification:_identify(src) by extensions ['cmake', 'python']
[0.641s] Level 1:colcon.colcon_core.package_identification:_identify(src) by extension 'cmake'
[0.641s] Level 1:colcon.colcon_core.package_identification:_identify(src) by extension 'python'
[0.641s] Level 1:colcon.colcon_core.package_identification:_identify(src) by extensions ['python_setup_py']
[0.641s] Level 1:colcon.colcon_core.package_identification:_identify(src) by extension 'python_setup_py'
[0.641s] Level 1:colcon.colcon_core.package_identification:_identify(src/relbot_video_interface) by extensions ['ignore', 'ignore_ament_install']
[0.650s] Level 1:colcon.colcon_core.package_identification:_identify(src/relbot_video_interface) by extension 'ignore'
[0.650s] Level 1:colcon.colcon_core.package_identification:_identify(src/relbot_video_interface) by extension 'ignore_ament_install'
[0.650s] Level 1:colcon.colcon_core.package_identification:_identify(src/relbot_video_interface) by extensions ['colcon_pkg']
[0.650s] Level 1:colcon.colcon_core.package_identification:_identify(src/relbot_video_interface) by extension 'colcon_pkg'
[0.650s] Level 1:colcon.colcon_core.package_identification:_identify(src/relbot_video_interface) by extensions ['colcon_meta']
[0.650s] Level 1:colcon.colcon_core.package_identification:_identify(src/relbot_video_interface) by extension 'colcon_meta'
[0.650s] Level 1:colcon.colcon_core.package_identification:_identify(src/relbot_video_interface) by extensions ['ros']
[0.650s] Level 1:colcon.colcon_core.package_identification:_identify(src/relbot_video_interface) by extension 'ros'
[0.658s] DEBUG:colcon.colcon_core.package_identification:Package 'src/relbot_video_interface' with type 'ros.ament_python' and name 'relbot_video_interface'
[0.658s] Level 1:colcon.colcon_core.package_identification:_identify(~) by extensions ['ignore', 'ignore_ament_install']
[0.658s] Level 1:colcon.colcon_core.package_identification:_identify(~) by extension 'ignore'
[0.658s] Level 1:colcon.colcon_core.package_identification:_identify(~) by extension 'ignore_ament_install'
[0.658s] Level 1:colcon.colcon_core.package_identification:_identify(~) by extensions ['colcon_pkg']
[0.659s] Level 1:colcon.colcon_core.package_identification:_identify(~) by extension 'colcon_pkg'
[0.659s] Level 1:colcon.colcon_core.package_identification:_identify(~) by extensions ['colcon_meta']
[0.659s] Level 1:colcon.colcon_core.package_identification:_identify(~) by extension 'colcon_meta'
[0.659s] Level 1:colcon.colcon_core.package_identification:_identify(~) by extensions ['ros']
[0.659s] Level 1:colcon.colcon_core.package_identification:_identify(~) by extension 'ros'
[0.659s] Level 1:colcon.colcon_core.package_identification:_identify(~) by extensions ['cmake', 'python']
[0.659s] Level 1:colcon.colcon_core.package_identification:_identify(~) by extension 'cmake'
[0.659s] Level 1:colcon.colcon_core.package_identification:_identify(~) by extension 'python'
[0.659s] Level 1:colcon.colcon_core.package_identification:_identify(~) by extensions ['python_setup_py']
[0.659s] Level 1:colcon.colcon_core.package_identification:_identify(~) by extension 'python_setup_py'
[0.659s] Level 1:colcon.colcon_core.package_identification:_identify(~/yolobot) by extensions ['ignore', 'ignore_ament_install']
[0.659s] Level 1:colcon.colcon_core.package_identification:_identify(~/yolobot) by extension 'ignore'
[0.659s] Level 1:colcon.colcon_core.package_identification:_identify(~/yolobot) by extension 'ignore_ament_install'
[0.659s] Level 1:colcon.colcon_core.package_identification:_identify(~/yolobot) by extensions ['colcon_pkg']
[0.659s] Level 1:colcon.colcon_core.package_identification:_identify(~/yolobot) by extension 'colcon_pkg'
[0.659s] Level 1:colcon.colcon_core.package_identification:_identify(~/yolobot) by extensions ['colcon_meta']
[0.659s] Level 1:colcon.colcon_core.package_identification:_identify(~/yolobot) by extension 'colcon_meta'
[0.660s] Level 1:colcon.colcon_core.package_identification:_identify(~/yolobot) by extensions ['ros']
[0.660s] Level 1:colcon.colcon_core.package_identification:_identify(~/yolobot) by extension 'ros'
[0.664s] Level 1:colcon.colcon_core.package_identification:_identify(~/yolobot) by extensions ['cmake', 'python']
[0.664s] Level 1:colcon.colcon_core.package_identification:_identify(~/yolobot) by extension 'cmake'
[0.664s] Level 1:colcon.colcon_core.package_identification:_identify(~/yolobot) by extension 'python'
[0.664s] Level 1:colcon.colcon_core.package_identification:_identify(~/yolobot) by extensions ['python_setup_py']
[0.664s] Level 1:colcon.colcon_core.package_identification:_identify(~/yolobot) by extension 'python_setup_py'
[0.664s] Level 1:colcon.colcon_core.package_identification:_identify(~/yolobot/src) by extensions ['ignore', 'ignore_ament_install']
[0.664s] Level 1:colcon.colcon_core.package_identification:_identify(~/yolobot/src) by extension 'ignore'
[0.664s] Level 1:colcon.colcon_core.package_identification:_identify(~/yolobot/src) by extension 'ignore_ament_install'
[0.664s] Level 1:colcon.colcon_core.package_identification:_identify(~/yolobot/src) by extensions ['colcon_pkg']
[0.664s] Level 1:colcon.colcon_core.package_identification:_identify(~/yolobot/src) by extension 'colcon_pkg'
[0.664s] Level 1:colcon.colcon_core.package_identification:_identify(~/yolobot/src) by extensions ['colcon_meta']
[0.664s] Level 1:colcon.colcon_core.package_identification:_identify(~/yolobot/src) by extension 'colcon_meta'
[0.665s] Level 1:colcon.colcon_core.package_identification:_identify(~/yolobot/src) by extensions ['ros']
[0.665s] Level 1:colcon.colcon_core.package_identification:_identify(~/yolobot/src) by extension 'ros'
[0.665s] Level 1:colcon.colcon_core.package_identification:_identify(~/yolobot/src) by extensions ['cmake', 'python']
[0.665s] Level 1:colcon.colcon_core.package_identification:_identify(~/yolobot/src) by extension 'cmake'
[0.665s] Level 1:colcon.colcon_core.package_identification:_identify(~/yolobot/src) by extension 'python'
[0.665s] Level 1:colcon.colcon_core.package_identification:_identify(~/yolobot/src) by extensions ['python_setup_py']
[0.665s] Level 1:colcon.colcon_core.package_identification:_identify(~/yolobot/src) by extension 'python_setup_py'
[0.665s] Level 1:colcon.colcon_core.package_identification:_identify(~/yolobot/src/yolobot_recognition) by extensions ['ignore', 'ignore_ament_install']
[0.665s] Level 1:colcon.colcon_core.package_identification:_identify(~/yolobot/src/yolobot_recognition) by extension 'ignore'
[0.665s] Level 1:colcon.colcon_core.package_identification:_identify(~/yolobot/src/yolobot_recognition) by extension 'ignore_ament_install'
[0.665s] Level 1:colcon.colcon_core.package_identification:_identify(~/yolobot/src/yolobot_recognition) by extensions ['colcon_pkg']
[0.665s] Level 1:colcon.colcon_core.package_identification:_identify(~/yolobot/src/yolobot_recognition) by extension 'colcon_pkg'
[0.665s] Level 1:colcon.colcon_core.package_identification:_identify(~/yolobot/src/yolobot_recognition) by extensions ['colcon_meta']
[0.665s] Level 1:colcon.colcon_core.package_identification:_identify(~/yolobot/src/yolobot_recognition) by extension 'colcon_meta'
[0.665s] Level 1:colcon.colcon_core.package_identification:_identify(~/yolobot/src/yolobot_recognition) by extensions ['ros']
[0.665s] Level 1:colcon.colcon_core.package_identification:_identify(~/yolobot/src/yolobot_recognition) by extension 'ros'
[0.666s] Level 1:colcon.colcon_core.package_identification:_identify(~/yolobot/src/yolobot_recognition) by extensions ['cmake', 'python']
[0.666s] Level 1:colcon.colcon_core.package_identification:_identify(~/yolobot/src/yolobot_recognition) by extension 'cmake'
[0.666s] Level 1:colcon.colcon_core.package_identification:_identify(~/yolobot/src/yolobot_recognition) by extension 'python'
[0.666s] Level 1:colcon.colcon_core.package_identification:_identify(~/yolobot/src/yolobot_recognition) by extensions ['python_setup_py']
[0.666s] Level 1:colcon.colcon_core.package_identification:_identify(~/yolobot/src/yolobot_recognition) by extension 'python_setup_py'
[0.666s] Level 1:colcon.colcon_core.package_identification:_identify(~/yolobot/src/yolobot_recognition/scripts) by extensions ['ignore', 'ignore_ament_install']
[0.666s] Level 1:colcon.colcon_core.package_identification:_identify(~/yolobot/src/yolobot_recognition/scripts) by extension 'ignore'
[0.666s] Level 1:colcon.colcon_core.package_identification:_identify(~/yolobot/src/yolobot_recognition/scripts) by extension 'ignore_ament_install'
[0.666s] Level 1:colcon.colcon_core.package_identification:_identify(~/yolobot/src/yolobot_recognition/scripts) by extensions ['colcon_pkg']
[0.666s] Level 1:colcon.colcon_core.package_identification:_identify(~/yolobot/src/yolobot_recognition/scripts) by extension 'colcon_pkg'
[0.666s] Level 1:colcon.colcon_core.package_identification:_identify(~/yolobot/src/yolobot_recognition/scripts) by extensions ['colcon_meta']
[0.666s] Level 1:colcon.colcon_core.package_identification:_identify(~/yolobot/src/yolobot_recognition/scripts) by extension 'colcon_meta'
[0.666s] Level 1:colcon.colcon_core.package_identification:_identify(~/yolobot/src/yolobot_recognition/scripts) by extensions ['ros']
[0.666s] Level 1:colcon.colcon_core.package_identification:_identify(~/yolobot/src/yolobot_recognition/scripts) by extension 'ros'
[0.667s] Level 1:colcon.colcon_core.package_identification:_identify(~/yolobot/src/yolobot_recognition/scripts) by extensions ['cmake', 'python']
[0.674s] Level 1:colcon.colcon_core.package_identification:_identify(~/yolobot/src/yolobot_recognition/scripts) by extension 'cmake'
[0.674s] Level 1:colcon.colcon_core.package_identification:_identify(~/yolobot/src/yolobot_recognition/scripts) by extension 'python'
[0.674s] Level 1:colcon.colcon_core.package_identification:_identify(~/yolobot/src/yolobot_recognition/scripts) by extensions ['python_setup_py']
[0.674s] Level 1:colcon.colcon_core.package_identification:_identify(~/yolobot/src/yolobot_recognition/scripts) by extension 'python_setup_py'
[0.674s] Level 1:colcon.colcon_core.package_discovery:discover_packages(recursive) using defaults
[0.674s] Level 1:colcon.colcon_core.package_discovery:discover_packages(ignore) discover
[0.674s] Level 1:colcon.colcon_core.package_discovery:discover_packages(ignore) using defaults
[0.674s] Level 1:colcon.colcon_core.package_discovery:discover_packages(path) discover
[0.674s] Level 1:colcon.colcon_core.package_discovery:discover_packages(path) using defaults
[0.737s] Level 5:colcon.colcon_core.verb:set package 'relbot_video_interface' build argument 'cmake_args' from command line to 'None'
[0.737s] Level 5:colcon.colcon_core.verb:set package 'relbot_video_interface' build argument 'cmake_target' from command line to 'None'
[0.737s] Level 5:colcon.colcon_core.verb:set package 'relbot_video_interface' build argument 'cmake_target_skip_unavailable' from command line to 'False'
[0.737s] Level 5:colcon.colcon_core.verb:set package 'relbot_video_interface' build argument 'cmake_clean_cache' from command line to 'False'
[0.737s] Level 5:colcon.colcon_core.verb:set package 'relbot_video_interface' build argument 'cmake_clean_first' from command line to 'False'
[0.737s] Level 5:colcon.colcon_core.verb:set package 'relbot_video_interface' build argument 'cmake_force_configure' from command line to 'False'
[0.737s] Level 5:colcon.colcon_core.verb:set package 'relbot_video_interface' build argument 'ament_cmake_args' from command line to 'None'
[0.737s] Level 5:colcon.colcon_core.verb:set package 'relbot_video_interface' build argument 'catkin_cmake_args' from command line to 'None'
[0.737s] Level 5:colcon.colcon_core.verb:set package 'relbot_video_interface' build argument 'catkin_skip_building_tests' from command line to 'False'
[0.737s] DEBUG:colcon.colcon_core.verb:Building package 'relbot_video_interface' with the following arguments: {'ament_cmake_args': None, 'build_base': '/ai4r_ws/build/relbot_video_interface', 'catkin_cmake_args': None, 'catkin_skip_building_tests': False, 'cmake_args': None, 'cmake_clean_cache': False, 'cmake_clean_first': False, 'cmake_force_configure': False, 'cmake_target': None, 'cmake_target_skip_unavailable': False, 'install_base': '/ai4r_ws/install/relbot_video_interface', 'merge_install': False, 'path': '/ai4r_ws/src/relbot_video_interface', 'symlink_install': False, 'test_result_base': None}
[0.737s] INFO:colcon.colcon_core.executor:Executing jobs using 'parallel' executor
[0.740s] DEBUG:colcon.colcon_parallel_executor.executor.parallel:run_until_complete
[0.740s] INFO:colcon.colcon_ros.task.ament_python.build:Building ROS package in '/ai4r_ws/src/relbot_video_interface' with build type 'ament_python'
[0.740s] Level 1:colcon.colcon_core.shell:create_environment_hook('relbot_video_interface', 'ament_prefix_path')
[0.743s] INFO:colcon.colcon_core.plugin_system:Skipping extension 'colcon_core.shell.bat': Not used on non-Windows systems
[0.748s] INFO:colcon.colcon_core.shell:Creating environment hook '/ai4r_ws/install/relbot_video_interface/share/relbot_video_interface/hook/ament_prefix_path.ps1'
[0.749s] INFO:colcon.colcon_core.shell:Creating environment descriptor '/ai4r_ws/install/relbot_video_interface/share/relbot_video_interface/hook/ament_prefix_path.dsv'
[0.750s] INFO:colcon.colcon_core.shell:Creating environment hook '/ai4r_ws/install/relbot_video_interface/share/relbot_video_interface/hook/ament_prefix_path.sh'
[0.751s] INFO:colcon.colcon_core.shell:Skip shell extension 'powershell' for command environment: Not usable outside of PowerShell
[0.751s] DEBUG:colcon.colcon_core.shell:Skip shell extension 'dsv' for command environment
[0.756s] WARNING:colcon.colcon_ros.prefix_path.ament:The path '/ai4r_ws/install/yolov8_msgs' in the environment variable AMENT_PREFIX_PATH doesn't exist
[0.756s] WARNING:colcon.colcon_ros.prefix_path.ament:The path '/ai4r_ws/install/yolobot_recognition' in the environment variable AMENT_PREFIX_PATH doesn't exist
[0.757s] WARNING:colcon.colcon_ros.prefix_path.ament:The path '/ai4r_ws/install/yolobot_gazebo' in the environment variable AMENT_PREFIX_PATH doesn't exist
[0.757s] WARNING:colcon.colcon_ros.prefix_path.ament:The path '/ai4r_ws/install/yolobot_description' in the environment variable AMENT_PREFIX_PATH doesn't exist
[0.757s] WARNING:colcon.colcon_ros.prefix_path.ament:The path '/ai4r_ws/install/yolobot_control' in the environment variable AMENT_PREFIX_PATH doesn't exist
[0.757s] WARNING:colcon.colcon_ros.prefix_path.catkin:The path '/ai4r_ws/install/yolov8_msgs' in the environment variable CMAKE_PREFIX_PATH doesn't exist
[0.757s] WARNING:colcon.colcon_ros.prefix_path.catkin:The path '/ai4r_ws/install/yolobot_recognition' in the environment variable CMAKE_PREFIX_PATH doesn't exist
[0.757s] WARNING:colcon.colcon_ros.prefix_path.catkin:The path '/ai4r_ws/install/yolobot_gazebo' in the environment variable CMAKE_PREFIX_PATH doesn't exist
[0.757s] WARNING:colcon.colcon_ros.prefix_path.catkin:The path '/ai4r_ws/install/yolobot_description' in the environment variable CMAKE_PREFIX_PATH doesn't exist
[0.757s] WARNING:colcon.colcon_ros.prefix_path.catkin:The path '/ai4r_ws/install/yolobot_control' in the environment variable CMAKE_PREFIX_PATH doesn't exist
[1.196s] INFO:colcon.colcon_core.task.python.build:Building Python package in '/ai4r_ws/src/relbot_video_interface'
[1.196s] INFO:colcon.colcon_core.shell:Skip shell extension 'powershell' for command environment: Not usable outside of PowerShell
[1.196s] DEBUG:colcon.colcon_core.shell:Skip shell extension 'dsv' for command environment
[2.167s] DEBUG:colcon.colcon_core.event_handler.log_command:Invoking command in '/ai4r_ws/src/relbot_video_interface': PYTHONPATH=/ai4r_ws/build/relbot_video_interface/prefix_override:/usr/lib/python3/dist-packages/colcon_core/task/python/colcon_distutils_commands:/ai4r_ws/install/relbot_video_interface/lib/python3.12/site-packages:${PYTHONPATH} /usr/bin/python3 -W ignore:setup.py install is deprecated -W ignore:easy_install command is deprecated setup.py egg_info --egg-base ../../build/relbot_video_interface build --build-base /ai4r_ws/build/relbot_video_interface/build install --record /ai4r_ws/build/relbot_video_interface/install.log --single-version-externally-managed install_data
[3.643s] DEBUG:colcon.colcon_core.event_handler.log_command:Invoked command in '/ai4r_ws/src/relbot_video_interface' returned '0': PYTHONPATH=/ai4r_ws/build/relbot_video_interface/prefix_override:/usr/lib/python3/dist-packages/colcon_core/task/python/colcon_distutils_commands:/ai4r_ws/install/relbot_video_interface/lib/python3.12/site-packages:${PYTHONPATH} /usr/bin/python3 -W ignore:setup.py install is deprecated -W ignore:easy_install command is deprecated setup.py egg_info --egg-base ../../build/relbot_video_interface build --build-base /ai4r_ws/build/relbot_video_interface/build install --record /ai4r_ws/build/relbot_video_interface/install.log --single-version-externally-managed install_data
[3.646s] Level 1:colcon.colcon_core.environment:checking '/ai4r_ws/install/relbot_video_interface' for CMake module files
[3.650s] Level 1:colcon.colcon_core.environment:checking '/ai4r_ws/install/relbot_video_interface' for CMake config files
[3.651s] Level 1:colcon.colcon_core.environment:checking '/ai4r_ws/install/relbot_video_interface/lib'
[3.652s] Level 1:colcon.colcon_core.environment:checking '/ai4r_ws/install/relbot_video_interface/bin'
[3.652s] Level 1:colcon.colcon_core.environment:checking '/ai4r_ws/install/relbot_video_interface/lib/pkgconfig/relbot_video_interface.pc'
[3.652s] Level 1:colcon.colcon_core.environment:checking '/ai4r_ws/install/relbot_video_interface/lib/python3.12/site-packages'
[3.652s] Level 1:colcon.colcon_core.shell:create_environment_hook('relbot_video_interface', 'pythonpath')
[3.652s] INFO:colcon.colcon_core.shell:Creating environment hook '/ai4r_ws/install/relbot_video_interface/share/relbot_video_interface/hook/pythonpath.ps1'
[3.653s] INFO:colcon.colcon_core.shell:Creating environment descriptor '/ai4r_ws/install/relbot_video_interface/share/relbot_video_interface/hook/pythonpath.dsv'
[3.654s] INFO:colcon.colcon_core.shell:Creating environment hook '/ai4r_ws/install/relbot_video_interface/share/relbot_video_interface/hook/pythonpath.sh'
[3.658s] Level 1:colcon.colcon_core.environment:checking '/ai4r_ws/install/relbot_video_interface/bin'
[3.659s] Level 1:colcon.colcon_core.environment:create_environment_scripts_only(relbot_video_interface)
[3.659s] INFO:colcon.colcon_core.shell:Creating package script '/ai4r_ws/install/relbot_video_interface/share/relbot_video_interface/package.ps1'
[3.660s] INFO:colcon.colcon_core.shell:Creating package descriptor '/ai4r_ws/install/relbot_video_interface/share/relbot_video_interface/package.dsv'
[3.661s] INFO:colcon.colcon_core.shell:Creating package script '/ai4r_ws/install/relbot_video_interface/share/relbot_video_interface/package.sh'
[3.661s] INFO:colcon.colcon_core.shell:Creating package script '/ai4r_ws/install/relbot_video_interface/share/relbot_video_interface/package.bash'
[3.665s] INFO:colcon.colcon_core.shell:Creating package script '/ai4r_ws/install/relbot_video_interface/share/relbot_video_interface/package.zsh'
[3.666s] Level 1:colcon.colcon_core.environment:create_file_with_runtime_dependencies(/ai4r_ws/install/relbot_video_interface/share/colcon-core/packages/relbot_video_interface)
[3.667s] DEBUG:colcon.colcon_parallel_executor.executor.parallel:closing loop
[3.667s] DEBUG:colcon.colcon_parallel_executor.executor.parallel:loop closed
[3.667s] DEBUG:colcon.colcon_parallel_executor.executor.parallel:run_until_complete finished with '0'
[3.667s] DEBUG:colcon.colcon_core.event_reactor:joining thread
[3.691s] INFO:colcon.colcon_core.plugin_system:Skipping extension 'colcon_notification.desktop_notification.notify_send': Could not find 'notify-send'
[3.691s] INFO:colcon.colcon_core.plugin_system:Skipping extension 'colcon_notification.desktop_notification.terminal_notifier': Not used on non-Darwin systems
[3.691s] INFO:colcon.colcon_core.plugin_system:Skipping extension 'colcon_notification.desktop_notification.win32': Not used on non-Windows systems
[3.691s] INFO:colcon.colcon_notification.desktop_notification:Sending desktop notification using 'notify2'
[3.696s] DEBUG:colcon.colcon_notification.desktop_notification.notify2:Failed to initialize notify2: org.freedesktop.DBus.Error.Spawn.ExecFailed: /usr/bin/dbus-launch terminated abnormally without any error message
[3.700s] DEBUG:colcon.colcon_core.event_reactor:joined thread
[3.701s] INFO:colcon.colcon_core.shell:Creating prefix script '/ai4r_ws/install/local_setup.ps1'
[3.707s] INFO:colcon.colcon_core.shell:Creating prefix util module '/ai4r_ws/install/_local_setup_util_ps1.py'
[3.712s] INFO:colcon.colcon_core.shell:Creating prefix chain script '/ai4r_ws/install/setup.ps1'
[3.714s] INFO:colcon.colcon_core.shell:Creating prefix script '/ai4r_ws/install/local_setup.sh'
[3.715s] INFO:colcon.colcon_core.shell:Creating prefix util module '/ai4r_ws/install/_local_setup_util_sh.py'
[3.715s] INFO:colcon.colcon_core.shell:Creating prefix chain script '/ai4r_ws/install/setup.sh'
[3.717s] INFO:colcon.colcon_core.shell:Creating prefix script '/ai4r_ws/install/local_setup.bash'
[3.717s] INFO:colcon.colcon_core.shell:Creating prefix chain script '/ai4r_ws/install/setup.bash'
[3.718s] INFO:colcon.colcon_core.shell:Creating prefix script '/ai4r_ws/install/local_setup.zsh'
[3.719s] INFO:colcon.colcon_core.shell:Creating prefix chain script '/ai4r_ws/install/setup.zsh'
