[1.707s] Invoking command in '/ai4r_ws/build/yolobot_description': CMAKE_PREFIX_PATH=${CMAKE_PREFIX_PATH}:/opt/ros/jazzy /usr/bin/cmake /ai4r_ws/src/yolobot/src/yolobot_description -DCMAKE_INSTALL_PREFIX=/ai4r_ws/install/yolobot_description
[2.263s] -- The C compiler identification is GNU 13.3.0
[2.789s] -- The CXX compiler identification is GNU 13.3.0
[2.891s] -- Detecting C compiler ABI info
[3.444s] -- Detecting C compiler ABI info - done
[3.562s] -- Check for working C compiler: /usr/bin/cc - skipped
[3.562s] -- Detecting C compile features
[3.563s] -- Detecting C compile features - done
[3.613s] -- Detecting CXX compiler ABI info
[4.183s] -- Detecting CXX compiler ABI info - done
[4.242s] -- Check for working CXX compiler: /usr/bin/c++ - skipped
[4.252s] -- Detecting CXX compile features
[4.254s] -- Detecting CXX compile features - done
[4.276s] -- Found ament_cmake: 2.5.3 (/opt/ros/jazzy/share/ament_cmake/cmake)
[5.276s] -- Found Python3: /usr/bin/python3 (found version "3.12.3") found components: Interpreter 
[5.562s] -- Found urdf: 2.10.0 (/opt/ros/jazzy/share/urdf/cmake)
[5.700s] -- Found TinyXML2 via Config file: /usr/lib/x86_64-linux-gnu/cmake/tinyxml2
[5.739s] -- Found ament_lint_auto: 0.17.2 (/opt/ros/jazzy/share/ament_lint_auto/cmake)
[6.731s] -- Added test 'copyright' to check source files copyright and LICENSE
[6.733s] -- Added test 'flake8' to check Python code syntax and style conventions
[6.733s] -- Configured 'flake8' exclude dirs and/or files: 
[6.750s] -- Added test 'lint_cmake' to check CMake code style
[6.751s] -- Added test 'pep257' to check Python code against some of the docstring style conventions in PEP 257
[6.755s] -- Added test 'xmllint' to check XML markup files
[6.775s] -- Configuring done (4.9s)
[6.826s] -- Generating done (0.0s)
[6.831s] -- Build files have been written to: /ai4r_ws/build/yolobot_description
[6.865s] Invoked command in '/ai4r_ws/build/yolobot_description' returned '0': CMAKE_PREFIX_PATH=${CMAKE_PREFIX_PATH}:/opt/ros/jazzy /usr/bin/cmake /ai4r_ws/src/yolobot/src/yolobot_description -DCMAKE_INSTALL_PREFIX=/ai4r_ws/install/yolobot_description
[6.866s] Invoking command in '/ai4r_ws/build/yolobot_description': CMAKE_PREFIX_PATH=${CMAKE_PREFIX_PATH}:/opt/ros/jazzy /usr/bin/cmake --build /ai4r_ws/build/yolobot_description -- -j12 -l12
[7.204s] Invoked command in '/ai4r_ws/build/yolobot_description' returned '0': CMAKE_PREFIX_PATH=${CMAKE_PREFIX_PATH}:/opt/ros/jazzy /usr/bin/cmake --build /ai4r_ws/build/yolobot_description -- -j12 -l12
[7.205s] Invoking command in '/ai4r_ws/build/yolobot_description': CMAKE_PREFIX_PATH=${CMAKE_PREFIX_PATH}:/opt/ros/jazzy /usr/bin/cmake --install /ai4r_ws/build/yolobot_description
[7.251s] -- Install configuration: ""
[7.251s] -- Installing: /ai4r_ws/install/yolobot_description/share/yolobot_description//launch
[7.251s] -- Installing: /ai4r_ws/install/yolobot_description/share/yolobot_description//launch/spawn_yolobot.py
[7.259s] -- Installing: /ai4r_ws/install/yolobot_description/share/yolobot_description//launch/spawn_yolobot_launch.launch.py
[7.260s] -- Installing: /ai4r_ws/install/yolobot_description/share/yolobot_description//robot
[7.260s] -- Installing: /ai4r_ws/install/yolobot_description/share/yolobot_description//robot/yolobot.urdf
[7.261s] -- Installing: /ai4r_ws/install/yolobot_description/lib/yolobot_description/spawn_yolobot.py
[7.261s] -- Installing: /ai4r_ws/install/yolobot_description/share/ament_index/resource_index/package_run_dependencies/yolobot_description
[7.261s] -- Installing: /ai4r_ws/install/yolobot_description/share/ament_index/resource_index/parent_prefix_path/yolobot_description
[7.261s] -- Installing: /ai4r_ws/install/yolobot_description/share/yolobot_description/environment/ament_prefix_path.sh
[7.261s] -- Installing: /ai4r_ws/install/yolobot_description/share/yolobot_description/environment/ament_prefix_path.dsv
[7.261s] -- Installing: /ai4r_ws/install/yolobot_description/share/yolobot_description/environment/path.sh
[7.261s] -- Installing: /ai4r_ws/install/yolobot_description/share/yolobot_description/environment/path.dsv
[7.262s] -- Installing: /ai4r_ws/install/yolobot_description/share/yolobot_description/local_setup.bash
[7.262s] -- Installing: /ai4r_ws/install/yolobot_description/share/yolobot_description/local_setup.sh
[7.262s] -- Installing: /ai4r_ws/install/yolobot_description/share/yolobot_description/local_setup.zsh
[7.262s] -- Installing: /ai4r_ws/install/yolobot_description/share/yolobot_description/local_setup.dsv
[7.270s] -- Installing: /ai4r_ws/install/yolobot_description/share/yolobot_description/package.dsv
[7.270s] -- Installing: /ai4r_ws/install/yolobot_description/share/ament_index/resource_index/packages/yolobot_description
[7.270s] -- Installing: /ai4r_ws/install/yolobot_description/share/yolobot_description/cmake/yolobot_descriptionConfig.cmake
[7.278s] -- Installing: /ai4r_ws/install/yolobot_description/share/yolobot_description/cmake/yolobot_descriptionConfig-version.cmake
[7.278s] -- Installing: /ai4r_ws/install/yolobot_description/share/yolobot_description/package.xml
[7.313s] Invoked command in '/ai4r_ws/build/yolobot_description' returned '0': CMAKE_PREFIX_PATH=${CMAKE_PREFIX_PATH}:/opt/ros/jazzy /usr/bin/cmake --install /ai4r_ws/build/yolobot_description
